#-----------------------------------------------------------
# Vivado v2024.2 (64-bit)
# SW Build 5239630 on Fri Nov 08 22:35:27 MST 2024
# IP Build 5239520 on Sun Nov 10 16:12:51 MST 2024
# SharedData Build 5239561 on Fri Nov 08 14:39:27 MST 2024
# Start of session at: Wed Feb 11 14:33:05 2026
# Process ID         : 19248
# Current directory  : C:/Users/C28Elijah.Sakamoto/faaaaaah/ICE3/ice
# Command line       : vivado.exe -gui_launcher_event rodinguilauncherevent31948 C:\Users\C28Elijah.Sakamoto\faaaaaah\ICE3\ice\ripple_adder.xpr
# Log file           : C:/Users/C28Elijah.Sakamoto/faaaaaah/ICE3/ice/vivado.log
# Journal file       : C:/Users/C28Elijah.Sakamoto/faaaaaah/ICE3/ice\vivado.jou
# Running On         : C28-2TK41601VZ
# Platform           : Windows Server 2016 or Windows 10
# Operating System   : 22631
# Processor Detail   : AMD Ryzen 7 PRO 7840U w/ Radeon 780M Graphics  
# CPU Frequency      : 3294 MHz
# CPU Physical cores : 8
# CPU Logical cores  : 16
# Host memory        : 33585 MB
# Swap memory        : 5100 MB
# Total Virtual      : 38685 MB
# Available Virtual  : 7842 MB
#-----------------------------------------------------------
start_gui
open_project C:/Users/C28Elijah.Sakamoto/faaaaaah/ICE3/ice/ripple_adder.xpr
INFO: [filemgmt 56-3] Default IP Output Path : Could not find the directory 'C:/Users/C28Elijah.Sakamoto/faaaaaah/ICE3/ice/ripple_adder.gen/sources_1'.
WARNING: [filemgmt 56-3] IPUserFilesDir: Could not find the directory 'C:/Users/C28Elijah.Sakamoto/faaaaaah/ICE3/ice/ripple_adder.ip_user_files'.
Scanning sources...
Finished scanning sources
INFO: [IP_Flow 19-234] Refreshing IP repositories
INFO: [IP_Flow 19-1704] No user IP repositories specified
INFO: [IP_Flow 19-2313] Loaded Vivado IP repository 'C:/Xilinx/Vivado/2024.2/data/ip'.
open_project: Time (s): cpu = 00:00:01 ; elapsed = 00:00:07 . Memory (MB): peak = 1112.105 ; gain = 54.809
update_compile_order -fileset sources_1
WARNING: [filemgmt 56-199] Attempt to get parsing info during refresh. "On-the-fly" syntax checking information may be incorrect. [C:\Users\C28Elijah.Sakamoto\faaaaaah\ICE3\ice\src\full_adder.vhd:]
WARNING: [filemgmt 56-199] Attempt to get parsing info during refresh. "On-the-fly" syntax checking information may be incorrect. [C:\Users\C28Elijah.Sakamoto\faaaaaah\ICE3\ice\src\ripple_adder.vhd:]
WARNING: [filemgmt 56-199] Attempt to get parsing info during refresh. "On-the-fly" syntax checking information may be incorrect. [C:\Users\C28Elijah.Sakamoto\faaaaaah\ICE3\ice\src\ripple_adder.vhd:]
WARNING: [filemgmt 56-199] Attempt to get parsing info during refresh. "On-the-fly" syntax checking information may be incorrect. [C:\Users\C28Elijah.Sakamoto\faaaaaah\ICE3\ice\src\ripple_adder.vhd:]
ERROR: [Common 17-180] Spawn failed: No error
WARNING: [filemgmt 56-199] Attempt to get parsing info during refresh. "On-the-fly" syntax checking information may be incorrect. [C:\Users\C28Elijah.Sakamoto\faaaaaah\ICE3\ice\src\full_adder.vhd:]
WARNING: [filemgmt 56-199] Attempt to get parsing info during refresh. "On-the-fly" syntax checking information may be incorrect. [C:\Users\C28Elijah.Sakamoto\faaaaaah\ICE3\ice\src\ripple_adder.vhd:]
WARNING: [filemgmt 56-199] Attempt to get parsing info during refresh. "On-the-fly" syntax checking information may be incorrect. [C:\Users\C28Elijah.Sakamoto\faaaaaah\ICE3\ice\src\ripple_adder.vhd:]
WARNING: [filemgmt 56-199] Attempt to get parsing info during refresh. "On-the-fly" syntax checking information may be incorrect. [C:\Users\C28Elijah.Sakamoto\faaaaaah\ICE3\ice\src\ripple_adder.vhd:]
ERROR: [Common 17-180] Spawn failed: No error
WARNING: [filemgmt 56-199] Attempt to get parsing info during refresh. "On-the-fly" syntax checking information may be incorrect. [C:\Users\C28Elijah.Sakamoto\faaaaaah\ICE3\ice\src\full_adder.vhd:]
WARNING: [filemgmt 56-199] Attempt to get parsing info during refresh. "On-the-fly" syntax checking information may be incorrect. [C:\Users\C28Elijah.Sakamoto\faaaaaah\ICE3\ice\src\ripple_adder_tb.vhd:]
WARNING: [filemgmt 56-199] Attempt to get parsing info during refresh. "On-the-fly" syntax checking information may be incorrect. [C:\Users\C28Elijah.Sakamoto\faaaaaah\ICE3\ice\src\ripple_adder.vhd:]
WARNING: [filemgmt 56-199] Attempt to get parsing info during refresh. "On-the-fly" syntax checking information may be incorrect. [C:\Users\C28Elijah.Sakamoto\faaaaaah\ICE3\ice\src\ripple_adder.vhd:]
WARNING: [filemgmt 56-199] Attempt to get parsing info during refresh. "On-the-fly" syntax checking information may be incorrect. [C:\Users\C28Elijah.Sakamoto\faaaaaah\ICE3\ice\src\ripple_adder.vhd:]
WARNING: [filemgmt 56-199] Attempt to get parsing info during refresh. "On-the-fly" syntax checking information may be incorrect. [C:\Users\C28Elijah.Sakamoto\faaaaaah\ICE3\ice\src\full_adder.vhd:]
WARNING: [filemgmt 56-199] Attempt to get parsing info during refresh. "On-the-fly" syntax checking information may be incorrect. [C:\Users\C28Elijah.Sakamoto\faaaaaah\ICE3\ice\src\ripple_adder_tb.vhd:]
WARNING: [filemgmt 56-199] Attempt to get parsing info during refresh. "On-the-fly" syntax checking information may be incorrect. [C:\Users\C28Elijah.Sakamoto\faaaaaah\ICE3\ice\src\ripple_adder.vhd:]
WARNING: [filemgmt 56-199] Attempt to get parsing info during refresh. "On-the-fly" syntax checking information may be incorrect. [C:\Users\C28Elijah.Sakamoto\faaaaaah\ICE3\ice\src\ripple_adder_tb.vhd:]
WARNING: [filemgmt 56-199] Attempt to get parsing info during refresh. "On-the-fly" syntax checking information may be incorrect. [C:\Users\C28Elijah.Sakamoto\faaaaaah\ICE3\ice\src\ripple_adder_tb.vhd:]
WARNING: [filemgmt 56-199] Attempt to get parsing info during refresh. "On-the-fly" syntax checking information may be incorrect. [C:\Users\C28Elijah.Sakamoto\faaaaaah\ICE3\ice\src\full_adder.vhd:]
WARNING: [filemgmt 56-199] Attempt to get parsing info during refresh. "On-the-fly" syntax checking information may be incorrect. [C:\Users\C28Elijah.Sakamoto\faaaaaah\ICE3\ice\src\ripple_adder_tb.vhd:]
WARNING: [filemgmt 56-199] Attempt to get parsing info during refresh. "On-the-fly" syntax checking information may be incorrect. [C:\Users\C28Elijah.Sakamoto\faaaaaah\ICE3\ice\src\ripple_adder.vhd:]
WARNING: [filemgmt 56-199] Attempt to get parsing info during refresh. "On-the-fly" syntax checking information may be incorrect. [C:\Users\C28Elijah.Sakamoto\faaaaaah\ICE3\ice\src\ripple_adder.vhd:]
WARNING: [filemgmt 56-199] Attempt to get parsing info during refresh. "On-the-fly" syntax checking information may be incorrect. [C:\Users\C28Elijah.Sakamoto\faaaaaah\ICE3\ice\src\ripple_adder.vhd:]
WARNING: [filemgmt 56-199] Attempt to get parsing info during refresh. "On-the-fly" syntax checking information may be incorrect. [C:\Users\C28Elijah.Sakamoto\faaaaaah\ICE3\ice\src\full_adder.vhd:]
WARNING: [filemgmt 56-199] Attempt to get parsing info during refresh. "On-the-fly" syntax checking information may be incorrect. [C:\Users\C28Elijah.Sakamoto\faaaaaah\ICE3\ice\src\ripple_adder_tb.vhd:]
WARNING: [filemgmt 56-199] Attempt to get parsing info during refresh. "On-the-fly" syntax checking information may be incorrect. [C:\Users\C28Elijah.Sakamoto\faaaaaah\ICE3\ice\src\ripple_adder.vhd:]
WARNING: [filemgmt 56-199] Attempt to get parsing info during refresh. "On-the-fly" syntax checking information may be incorrect. [C:\Users\C28Elijah.Sakamoto\faaaaaah\ICE3\ice\src\ripple_adder_tb.vhd:]
WARNING: [filemgmt 56-199] Attempt to get parsing info during refresh. "On-the-fly" syntax checking information may be incorrect. [C:\Users\C28Elijah.Sakamoto\faaaaaah\ICE3\ice\src\ripple_adder_tb.vhd:]
WARNING: [filemgmt 56-199] Attempt to get parsing info during refresh. "On-the-fly" syntax checking information may be incorrect. [C:\Users\C28Elijah.Sakamoto\faaaaaah\ICE3\ice\src\full_adder.vhd:]
WARNING: [filemgmt 56-199] Attempt to get parsing info during refresh. "On-the-fly" syntax checking information may be incorrect. [C:\Users\C28Elijah.Sakamoto\faaaaaah\ICE3\ice\src\ripple_adder_tb.vhd:]
WARNING: [filemgmt 56-199] Attempt to get parsing info during refresh. "On-the-fly" syntax checking information may be incorrect. [C:\Users\C28Elijah.Sakamoto\faaaaaah\ICE3\ice\src\ripple_adder.vhd:]
WARNING: [filemgmt 56-199] Attempt to get parsing info during refresh. "On-the-fly" syntax checking information may be incorrect. [C:\Users\C28Elijah.Sakamoto\faaaaaah\ICE3\ice\src\ripple_adder.vhd:]
WARNING: [filemgmt 56-199] Attempt to get parsing info during refresh. "On-the-fly" syntax checking information may be incorrect. [C:\Users\C28Elijah.Sakamoto\faaaaaah\ICE3\ice\src\ripple_adder.vhd:]
WARNING: [filemgmt 56-199] Attempt to get parsing info during refresh. "On-the-fly" syntax checking information may be incorrect. [C:\Users\C28Elijah.Sakamoto\faaaaaah\ICE3\ice\src\full_adder.vhd:]
WARNING: [filemgmt 56-199] Attempt to get parsing info during refresh. "On-the-fly" syntax checking information may be incorrect. [C:\Users\C28Elijah.Sakamoto\faaaaaah\ICE3\ice\src\top_basys3.vhd:]
WARNING: [filemgmt 56-199] Attempt to get parsing info during refresh. "On-the-fly" syntax checking information may be incorrect. [C:\Users\C28Elijah.Sakamoto\faaaaaah\ICE3\ice\src\ripple_adder_tb.vhd:]
WARNING: [filemgmt 56-199] Attempt to get parsing info during refresh. "On-the-fly" syntax checking information may be incorrect. [C:\Users\C28Elijah.Sakamoto\faaaaaah\ICE3\ice\src\ripple_adder.vhd:]
WARNING: [filemgmt 56-199] Attempt to get parsing info during refresh. "On-the-fly" syntax checking information may be incorrect. [C:\Users\C28Elijah.Sakamoto\faaaaaah\ICE3\ice\src\ripple_adder.vhd:]
WARNING: [filemgmt 56-199] Attempt to get parsing info during refresh. "On-the-fly" syntax checking information may be incorrect. [C:\Users\C28Elijah.Sakamoto\faaaaaah\ICE3\ice\src\ripple_adder.vhd:]
WARNING: [filemgmt 56-199] Attempt to get parsing info during refresh. "On-the-fly" syntax checking information may be incorrect. [C:\Users\C28Elijah.Sakamoto\faaaaaah\ICE3\ice\src\full_adder.vhd:]
WARNING: [filemgmt 56-199] Attempt to get parsing info during refresh. "On-the-fly" syntax checking information may be incorrect. [C:\Users\C28Elijah.Sakamoto\faaaaaah\ICE3\ice\src\top_basys3.vhd:]
WARNING: [filemgmt 56-199] Attempt to get parsing info during refresh. "On-the-fly" syntax checking information may be incorrect. [C:\Users\C28Elijah.Sakamoto\faaaaaah\ICE3\ice\src\ripple_adder_tb.vhd:]
WARNING: [filemgmt 56-199] Attempt to get parsing info during refresh. "On-the-fly" syntax checking information may be incorrect. [C:\Users\C28Elijah.Sakamoto\faaaaaah\ICE3\ice\src\ripple_adder.vhd:]
WARNING: [filemgmt 56-199] Attempt to get parsing info during refresh. "On-the-fly" syntax checking information may be incorrect. [C:\Users\C28Elijah.Sakamoto\faaaaaah\ICE3\ice\src\ripple_adder_tb.vhd:]
WARNING: [filemgmt 56-199] Attempt to get parsing info during refresh. "On-the-fly" syntax checking information may be incorrect. [C:\Users\C28Elijah.Sakamoto\faaaaaah\ICE3\ice\src\ripple_adder_tb.vhd:]
ERROR: [Common 17-180] Spawn failed: No error
ERROR: [Common 17-180] Spawn failed: No error
WARNING: [filemgmt 56-199] Attempt to get parsing info during refresh. "On-the-fly" syntax checking information may be incorrect. [C:\Users\C28Elijah.Sakamoto\faaaaaah\ICE3\ice\src\full_adder.vhd:]
WARNING: [filemgmt 56-199] Attempt to get parsing info during refresh. "On-the-fly" syntax checking information may be incorrect. [C:\Users\C28Elijah.Sakamoto\faaaaaah\ICE3\ice\src\top_basys3.vhd:]
WARNING: [filemgmt 56-199] Attempt to get parsing info during refresh. "On-the-fly" syntax checking information may be incorrect. [C:\Users\C28Elijah.Sakamoto\faaaaaah\ICE3\ice\src\full_adder.vhd:]
WARNING: [filemgmt 56-199] Attempt to get parsing info during refresh. "On-the-fly" syntax checking information may be incorrect. [C:\Users\C28Elijah.Sakamoto\faaaaaah\ICE3\ice\src\top_basys3.vhd:]
WARNING: [filemgmt 56-199] Attempt to get parsing info during refresh. "On-the-fly" syntax checking information may be incorrect. [C:\Users\C28Elijah.Sakamoto\faaaaaah\ICE3\ice\src\ripple_adder_tb.vhd:]
WARNING: [filemgmt 56-199] Attempt to get parsing info during refresh. "On-the-fly" syntax checking information may be incorrect. [C:\Users\C28Elijah.Sakamoto\faaaaaah\ICE3\ice\src\ripple_adder.vhd:]
WARNING: [filemgmt 56-199] Attempt to get parsing info during refresh. "On-the-fly" syntax checking information may be incorrect. [C:\Users\C28Elijah.Sakamoto\faaaaaah\ICE3\ice\src\ripple_adder.vhd:]
WARNING: [filemgmt 56-199] Attempt to get parsing info during refresh. "On-the-fly" syntax checking information may be incorrect. [C:\Users\C28Elijah.Sakamoto\faaaaaah\ICE3\ice\src\ripple_adder.vhd:]
WARNING: [filemgmt 56-199] Attempt to get parsing info during refresh. "On-the-fly" syntax checking information may be incorrect. [C:\Users\C28Elijah.Sakamoto\faaaaaah\ICE3\ice\src\full_adder.vhd:]
WARNING: [filemgmt 56-199] Attempt to get parsing info during refresh. "On-the-fly" syntax checking information may be incorrect. [C:\Users\C28Elijah.Sakamoto\faaaaaah\ICE3\ice\src\top_basys3.vhd:]
WARNING: [filemgmt 56-199] Attempt to get parsing info during refresh. "On-the-fly" syntax checking information may be incorrect. [C:\Users\C28Elijah.Sakamoto\faaaaaah\ICE3\ice\src\ripple_adder_tb.vhd:]
WARNING: [filemgmt 56-199] Attempt to get parsing info during refresh. "On-the-fly" syntax checking information may be incorrect. [C:\Users\C28Elijah.Sakamoto\faaaaaah\ICE3\ice\src\ripple_adder.vhd:]
WARNING: [filemgmt 56-199] Attempt to get parsing info during refresh. "On-the-fly" syntax checking information may be incorrect. [C:\Users\C28Elijah.Sakamoto\faaaaaah\ICE3\ice\src\top_basys3.vhd:]
WARNING: [filemgmt 56-199] Attempt to get parsing info during refresh. "On-the-fly" syntax checking information may be incorrect. [C:\Users\C28Elijah.Sakamoto\faaaaaah\ICE3\ice\src\top_basys3.vhd:]
ERROR: [Common 17-180] Spawn failed: No error
WARNING: [filemgmt 56-199] Attempt to get parsing info during refresh. "On-the-fly" syntax checking information may be incorrect. [C:\Users\C28Elijah.Sakamoto\faaaaaah\ICE3\ice\src\full_adder.vhd:]
WARNING: [filemgmt 56-199] Attempt to get parsing info during refresh. "On-the-fly" syntax checking information may be incorrect. [C:\Users\C28Elijah.Sakamoto\faaaaaah\ICE3\ice\src\top_basys3.vhd:]
WARNING: [filemgmt 56-199] Attempt to get parsing info during refresh. "On-the-fly" syntax checking information may be incorrect. [C:\Users\C28Elijah.Sakamoto\faaaaaah\ICE3\ice\src\ripple_adder_tb.vhd:]
WARNING: [filemgmt 56-199] Attempt to get parsing info during refresh. "On-the-fly" syntax checking information may be incorrect. [C:\Users\C28Elijah.Sakamoto\faaaaaah\ICE3\ice\src\ripple_adder.vhd:]
WARNING: [filemgmt 56-199] Attempt to get parsing info during refresh. "On-the-fly" syntax checking information may be incorrect. [C:\Users\C28Elijah.Sakamoto\faaaaaah\ICE3\ice\src\full_adder.vhd:]
WARNING: [filemgmt 56-199] Attempt to get parsing info during refresh. "On-the-fly" syntax checking information may be incorrect. [C:\Users\C28Elijah.Sakamoto\faaaaaah\ICE3\ice\src\full_adder.vhd:]
ERROR: [Common 17-180] Spawn failed: No error
WARNING: [filemgmt 56-199] Attempt to get parsing info during refresh. "On-the-fly" syntax checking information may be incorrect. [C:\Users\C28Elijah.Sakamoto\faaaaaah\ICE3\ice\src\full_adder.vhd:]
WARNING: [filemgmt 56-199] Attempt to get parsing info during refresh. "On-the-fly" syntax checking information may be incorrect. [C:\Users\C28Elijah.Sakamoto\faaaaaah\ICE3\ice\src\top_basys3.vhd:]
WARNING: [filemgmt 56-199] Attempt to get parsing info during refresh. "On-the-fly" syntax checking information may be incorrect. [C:\Users\C28Elijah.Sakamoto\faaaaaah\ICE3\ice\src\ripple_adder_tb.vhd:]
WARNING: [filemgmt 56-199] Attempt to get parsing info during refresh. "On-the-fly" syntax checking information may be incorrect. [C:\Users\C28Elijah.Sakamoto\faaaaaah\ICE3\ice\src\ripple_adder.vhd:]
WARNING: [filemgmt 56-199] Attempt to get parsing info during refresh. "On-the-fly" syntax checking information may be incorrect. [C:\Users\C28Elijah.Sakamoto\faaaaaah\ICE3\ice\src\ripple_adder.vhd:]
WARNING: [filemgmt 56-199] Attempt to get parsing info during refresh. "On-the-fly" syntax checking information may be incorrect. [C:\Users\C28Elijah.Sakamoto\faaaaaah\ICE3\ice\src\ripple_adder.vhd:]
WARNING: [filemgmt 56-199] Attempt to get parsing info during refresh. "On-the-fly" syntax checking information may be incorrect. [C:\Users\C28Elijah.Sakamoto\faaaaaah\ICE3\ice\src\full_adder.vhd:]
WARNING: [filemgmt 56-199] Attempt to get parsing info during refresh. "On-the-fly" syntax checking information may be incorrect. [C:\Users\C28Elijah.Sakamoto\faaaaaah\ICE3\ice\src\top_basys3.vhd:]
WARNING: [filemgmt 56-199] Attempt to get parsing info during refresh. "On-the-fly" syntax checking information may be incorrect. [C:\Users\C28Elijah.Sakamoto\faaaaaah\ICE3\ice\src\ripple_adder_tb.vhd:]
WARNING: [filemgmt 56-199] Attempt to get parsing info during refresh. "On-the-fly" syntax checking information may be incorrect. [C:\Users\C28Elijah.Sakamoto\faaaaaah\ICE3\ice\src\ripple_adder.vhd:]
WARNING: [filemgmt 56-199] Attempt to get parsing info during refresh. "On-the-fly" syntax checking information may be incorrect. [C:\Users\C28Elijah.Sakamoto\faaaaaah\ICE3\ice\src\top_basys3.vhd:]
WARNING: [filemgmt 56-199] Attempt to get parsing info during refresh. "On-the-fly" syntax checking information may be incorrect. [C:\Users\C28Elijah.Sakamoto\faaaaaah\ICE3\ice\src\top_basys3.vhd:]
ERROR: [Common 17-180] Spawn failed: No error
WARNING: [filemgmt 56-199] Attempt to get parsing info during refresh. "On-the-fly" syntax checking information may be incorrect. [C:\Users\C28Elijah.Sakamoto\faaaaaah\ICE3\ice\src\full_adder.vhd:]
WARNING: [filemgmt 56-199] Attempt to get parsing info during refresh. "On-the-fly" syntax checking information may be incorrect. [C:\Users\C28Elijah.Sakamoto\faaaaaah\ICE3\ice\src\top_basys3.vhd:]
WARNING: [filemgmt 56-199] Attempt to get parsing info during refresh. "On-the-fly" syntax checking information may be incorrect. [C:\Users\C28Elijah.Sakamoto\faaaaaah\ICE3\ice\src\ripple_adder_tb.vhd:]
WARNING: [filemgmt 56-199] Attempt to get parsing info during refresh. "On-the-fly" syntax checking information may be incorrect. [C:\Users\C28Elijah.Sakamoto\faaaaaah\ICE3\ice\src\ripple_adder.vhd:]
WARNING: [filemgmt 56-199] Attempt to get parsing info during refresh. "On-the-fly" syntax checking information may be incorrect. [C:\Users\C28Elijah.Sakamoto\faaaaaah\ICE3\ice\src\full_adder.vhd:]
WARNING: [filemgmt 56-199] Attempt to get parsing info during refresh. "On-the-fly" syntax checking information may be incorrect. [C:\Users\C28Elijah.Sakamoto\faaaaaah\ICE3\ice\src\full_adder.vhd:]
ERROR: [Common 17-180] Spawn failed: No error
WARNING: [filemgmt 56-199] Attempt to get parsing info during refresh. "On-the-fly" syntax checking information may be incorrect. [C:\Users\C28Elijah.Sakamoto\faaaaaah\ICE3\ice\src\full_adder.vhd:]
WARNING: [filemgmt 56-199] Attempt to get parsing info during refresh. "On-the-fly" syntax checking information may be incorrect. [C:\Users\C28Elijah.Sakamoto\faaaaaah\ICE3\ice\src\top_basys3.vhd:]
WARNING: [filemgmt 56-199] Attempt to get parsing info during refresh. "On-the-fly" syntax checking information may be incorrect. [C:\Users\C28Elijah.Sakamoto\faaaaaah\ICE3\ice\src\ripple_adder_tb.vhd:]
WARNING: [filemgmt 56-199] Attempt to get parsing info during refresh. "On-the-fly" syntax checking information may be incorrect. [C:\Users\C28Elijah.Sakamoto\faaaaaah\ICE3\ice\src\ripple_adder.vhd:]
WARNING: [filemgmt 56-199] Attempt to get parsing info during refresh. "On-the-fly" syntax checking information may be incorrect. [C:\Users\C28Elijah.Sakamoto\faaaaaah\ICE3\ice\src\ripple_adder.vhd:]
WARNING: [filemgmt 56-199] Attempt to get parsing info during refresh. "On-the-fly" syntax checking information may be incorrect. [C:\Users\C28Elijah.Sakamoto\faaaaaah\ICE3\ice\src\ripple_adder.vhd:]
WARNING: [filemgmt 56-199] Attempt to get parsing info during refresh. "On-the-fly" syntax checking information may be incorrect. [C:\Users\C28Elijah.Sakamoto\faaaaaah\ICE3\ice\src\full_adder.vhd:]
WARNING: [filemgmt 56-199] Attempt to get parsing info during refresh. "On-the-fly" syntax checking information may be incorrect. [C:\Users\C28Elijah.Sakamoto\faaaaaah\ICE3\ice\src\top_basys3.vhd:]
WARNING: [filemgmt 56-199] Attempt to get parsing info during refresh. "On-the-fly" syntax checking information may be incorrect. [C:\Users\C28Elijah.Sakamoto\faaaaaah\ICE3\ice\src\ripple_adder_tb.vhd:]
WARNING: [filemgmt 56-199] Attempt to get parsing info during refresh. "On-the-fly" syntax checking information may be incorrect. [C:\Users\C28Elijah.Sakamoto\faaaaaah\ICE3\ice\src\ripple_adder.vhd:]
WARNING: [filemgmt 56-199] Attempt to get parsing info during refresh. "On-the-fly" syntax checking information may be incorrect. [C:\Users\C28Elijah.Sakamoto\faaaaaah\ICE3\ice\src\top_basys3.vhd:]
WARNING: [filemgmt 56-199] Attempt to get parsing info during refresh. "On-the-fly" syntax checking information may be incorrect. [C:\Users\C28Elijah.Sakamoto\faaaaaah\ICE3\ice\src\top_basys3.vhd:]
WARNING: [filemgmt 56-199] Attempt to get parsing info during refresh. "On-the-fly" syntax checking information may be incorrect. [C:\Users\C28Elijah.Sakamoto\faaaaaah\ICE3\ice\src\full_adder.vhd:]
WARNING: [filemgmt 56-199] Attempt to get parsing info during refresh. "On-the-fly" syntax checking information may be incorrect. [C:\Users\C28Elijah.Sakamoto\faaaaaah\ICE3\ice\src\top_basys3.vhd:]
WARNING: [filemgmt 56-199] Attempt to get parsing info during refresh. "On-the-fly" syntax checking information may be incorrect. [C:\Users\C28Elijah.Sakamoto\faaaaaah\ICE3\ice\src\ripple_adder_tb.vhd:]
WARNING: [filemgmt 56-199] Attempt to get parsing info during refresh. "On-the-fly" syntax checking information may be incorrect. [C:\Users\C28Elijah.Sakamoto\faaaaaah\ICE3\ice\src\ripple_adder.vhd:]
WARNING: [filemgmt 56-199] Attempt to get parsing info during refresh. "On-the-fly" syntax checking information may be incorrect. [C:\Users\C28Elijah.Sakamoto\faaaaaah\ICE3\ice\src\top_basys3.vhd:]
WARNING: [filemgmt 56-199] Attempt to get parsing info during refresh. "On-the-fly" syntax checking information may be incorrect. [C:\Users\C28Elijah.Sakamoto\faaaaaah\ICE3\ice\src\top_basys3.vhd:]
ERROR: [Common 17-180] Spawn failed: No error
WARNING: [filemgmt 56-199] Attempt to get parsing info during refresh. "On-the-fly" syntax checking information may be incorrect. [C:\Users\C28Elijah.Sakamoto\faaaaaah\ICE3\ice\src\full_adder.vhd:]
WARNING: [filemgmt 56-199] Attempt to get parsing info during refresh. "On-the-fly" syntax checking information may be incorrect. [C:\Users\C28Elijah.Sakamoto\faaaaaah\ICE3\ice\src\top_basys3.vhd:]
WARNING: [filemgmt 56-199] Attempt to get parsing info during refresh. "On-the-fly" syntax checking information may be incorrect. [C:\Users\C28Elijah.Sakamoto\faaaaaah\ICE3\ice\src\ripple_adder_tb.vhd:]
WARNING: [filemgmt 56-199] Attempt to get parsing info during refresh. "On-the-fly" syntax checking information may be incorrect. [C:\Users\C28Elijah.Sakamoto\faaaaaah\ICE3\ice\src\ripple_adder.vhd:]
WARNING: [filemgmt 56-199] Attempt to get parsing info during refresh. "On-the-fly" syntax checking information may be incorrect. [C:\Users\C28Elijah.Sakamoto\faaaaaah\ICE3\ice\src\full_adder.vhd:]
WARNING: [filemgmt 56-199] Attempt to get parsing info during refresh. "On-the-fly" syntax checking information may be incorrect. [C:\Users\C28Elijah.Sakamoto\faaaaaah\ICE3\ice\src\full_adder.vhd:]
ERROR: [Common 17-180] Spawn failed: No error
WARNING: [filemgmt 56-199] Attempt to get parsing info during refresh. "On-the-fly" syntax checking information may be incorrect. [C:\Users\C28Elijah.Sakamoto\faaaaaah\ICE3\ice\src\full_adder.vhd:]
WARNING: [filemgmt 56-199] Attempt to get parsing info during refresh. "On-the-fly" syntax checking information may be incorrect. [C:\Users\C28Elijah.Sakamoto\faaaaaah\ICE3\ice\src\top_basys3.vhd:]
WARNING: [filemgmt 56-199] Attempt to get parsing info during refresh. "On-the-fly" syntax checking information may be incorrect. [C:\Users\C28Elijah.Sakamoto\faaaaaah\ICE3\ice\src\ripple_adder_tb.vhd:]
WARNING: [filemgmt 56-199] Attempt to get parsing info during refresh. "On-the-fly" syntax checking information may be incorrect. [C:\Users\C28Elijah.Sakamoto\faaaaaah\ICE3\ice\src\ripple_adder.vhd:]
WARNING: [filemgmt 56-199] Attempt to get parsing info during refresh. "On-the-fly" syntax checking information may be incorrect. [C:\Users\C28Elijah.Sakamoto\faaaaaah\ICE3\ice\src\ripple_adder.vhd:]
WARNING: [filemgmt 56-199] Attempt to get parsing info during refresh. "On-the-fly" syntax checking information may be incorrect. [C:\Users\C28Elijah.Sakamoto\faaaaaah\ICE3\ice\src\ripple_adder.vhd:]
WARNING: [filemgmt 56-199] Attempt to get parsing info during refresh. "On-the-fly" syntax checking information may be incorrect. [C:\Users\C28Elijah.Sakamoto\faaaaaah\ICE3\ice\src\full_adder.vhd:]
WARNING: [filemgmt 56-199] Attempt to get parsing info during refresh. "On-the-fly" syntax checking information may be incorrect. [C:\Users\C28Elijah.Sakamoto\faaaaaah\ICE3\ice\src\top_basys3.vhd:]
WARNING: [filemgmt 56-199] Attempt to get parsing info during refresh. "On-the-fly" syntax checking information may be incorrect. [C:\Users\C28Elijah.Sakamoto\faaaaaah\ICE3\ice\src\ripple_adder_tb.vhd:]
WARNING: [filemgmt 56-199] Attempt to get parsing info during refresh. "On-the-fly" syntax checking information may be incorrect. [C:\Users\C28Elijah.Sakamoto\faaaaaah\ICE3\ice\src\ripple_adder.vhd:]
WARNING: [filemgmt 56-199] Attempt to get parsing info during refresh. "On-the-fly" syntax checking information may be incorrect. [C:\Users\C28Elijah.Sakamoto\faaaaaah\ICE3\ice\src\ripple_adder_tb.vhd:]
WARNING: [filemgmt 56-199] Attempt to get parsing info during refresh. "On-the-fly" syntax checking information may be incorrect. [C:\Users\C28Elijah.Sakamoto\faaaaaah\ICE3\ice\src\ripple_adder_tb.vhd:]
WARNING: [filemgmt 56-199] Attempt to get parsing info during refresh. "On-the-fly" syntax checking information may be incorrect. [C:\Users\C28Elijah.Sakamoto\faaaaaah\ICE3\ice\src\full_adder.vhd:]
WARNING: [filemgmt 56-199] Attempt to get parsing info during refresh. "On-the-fly" syntax checking information may be incorrect. [C:\Users\C28Elijah.Sakamoto\faaaaaah\ICE3\ice\src\top_basys3.vhd:]
WARNING: [filemgmt 56-199] Attempt to get parsing info during refresh. "On-the-fly" syntax checking information may be incorrect. [C:\Users\C28Elijah.Sakamoto\faaaaaah\ICE3\ice\src\ripple_adder_tb.vhd:]
WARNING: [filemgmt 56-199] Attempt to get parsing info during refresh. "On-the-fly" syntax checking information may be incorrect. [C:\Users\C28Elijah.Sakamoto\faaaaaah\ICE3\ice\src\ripple_adder.vhd:]
WARNING: [filemgmt 56-199] Attempt to get parsing info during refresh. "On-the-fly" syntax checking information may be incorrect. [C:\Users\C28Elijah.Sakamoto\faaaaaah\ICE3\ice\src\top_basys3.vhd:]
WARNING: [filemgmt 56-199] Attempt to get parsing info during refresh. "On-the-fly" syntax checking information may be incorrect. [C:\Users\C28Elijah.Sakamoto\faaaaaah\ICE3\ice\src\top_basys3.vhd:]
WARNING: [filemgmt 56-199] Attempt to get parsing info during refresh. "On-the-fly" syntax checking information may be incorrect. [C:\Users\C28Elijah.Sakamoto\faaaaaah\ICE3\ice\src\full_adder.vhd:]
WARNING: [filemgmt 56-199] Attempt to get parsing info during refresh. "On-the-fly" syntax checking information may be incorrect. [C:\Users\C28Elijah.Sakamoto\faaaaaah\ICE3\ice\src\top_basys3.vhd:]
WARNING: [filemgmt 56-199] Attempt to get parsing info during refresh. "On-the-fly" syntax checking information may be incorrect. [C:\Users\C28Elijah.Sakamoto\faaaaaah\ICE3\ice\src\ripple_adder_tb.vhd:]
WARNING: [filemgmt 56-199] Attempt to get parsing info during refresh. "On-the-fly" syntax checking information may be incorrect. [C:\Users\C28Elijah.Sakamoto\faaaaaah\ICE3\ice\src\ripple_adder.vhd:]
WARNING: [filemgmt 56-199] Attempt to get parsing info during refresh. "On-the-fly" syntax checking information may be incorrect. [C:\Users\C28Elijah.Sakamoto\faaaaaah\ICE3\ice\src\ripple_adder.vhd:]
WARNING: [filemgmt 56-199] Attempt to get parsing info during refresh. "On-the-fly" syntax checking information may be incorrect. [C:\Users\C28Elijah.Sakamoto\faaaaaah\ICE3\ice\src\ripple_adder.vhd:]
WARNING: [filemgmt 56-199] Attempt to get parsing info during refresh. "On-the-fly" syntax checking information may be incorrect. [C:\Users\C28Elijah.Sakamoto\faaaaaah\ICE3\ice\src\full_adder.vhd:]
WARNING: [filemgmt 56-199] Attempt to get parsing info during refresh. "On-the-fly" syntax checking information may be incorrect. [C:\Users\C28Elijah.Sakamoto\faaaaaah\ICE3\ice\src\top_basys3.vhd:]
WARNING: [filemgmt 56-199] Attempt to get parsing info during refresh. "On-the-fly" syntax checking information may be incorrect. [C:\Users\C28Elijah.Sakamoto\faaaaaah\ICE3\ice\src\ripple_adder_tb.vhd:]
WARNING: [filemgmt 56-199] Attempt to get parsing info during refresh. "On-the-fly" syntax checking information may be incorrect. [C:\Users\C28Elijah.Sakamoto\faaaaaah\ICE3\ice\src\ripple_adder.vhd:]
WARNING: [filemgmt 56-199] Attempt to get parsing info during refresh. "On-the-fly" syntax checking information may be incorrect. [C:\Users\C28Elijah.Sakamoto\faaaaaah\ICE3\ice\src\top_basys3.vhd:]
WARNING: [filemgmt 56-199] Attempt to get parsing info during refresh. "On-the-fly" syntax checking information may be incorrect. [C:\Users\C28Elijah.Sakamoto\faaaaaah\ICE3\ice\src\top_basys3.vhd:]
ERROR: [Common 17-180] Spawn failed: No error
WARNING: [filemgmt 56-199] Attempt to get parsing info during refresh. "On-the-fly" syntax checking information may be incorrect. [C:\Users\C28Elijah.Sakamoto\faaaaaah\ICE3\ice\src\full_adder.vhd:]
WARNING: [filemgmt 56-199] Attempt to get parsing info during refresh. "On-the-fly" syntax checking information may be incorrect. [C:\Users\C28Elijah.Sakamoto\faaaaaah\ICE3\ice\src\top_basys3.vhd:]
WARNING: [filemgmt 56-199] Attempt to get parsing info during refresh. "On-the-fly" syntax checking information may be incorrect. [C:\Users\C28Elijah.Sakamoto\faaaaaah\ICE3\ice\src\ripple_adder_tb.vhd:]
WARNING: [filemgmt 56-199] Attempt to get parsing info during refresh. "On-the-fly" syntax checking information may be incorrect. [C:\Users\C28Elijah.Sakamoto\faaaaaah\ICE3\ice\src\ripple_adder.vhd:]
WARNING: [filemgmt 56-199] Attempt to get parsing info during refresh. "On-the-fly" syntax checking information may be incorrect. [C:\Users\C28Elijah.Sakamoto\faaaaaah\ICE3\ice\src\full_adder.vhd:]
WARNING: [filemgmt 56-199] Attempt to get parsing info during refresh. "On-the-fly" syntax checking information may be incorrect. [C:\Users\C28Elijah.Sakamoto\faaaaaah\ICE3\ice\src\full_adder.vhd:]
ERROR: [Common 17-180] Spawn failed: No error
WARNING: [filemgmt 56-199] Attempt to get parsing info during refresh. "On-the-fly" syntax checking information may be incorrect. [C:\Users\C28Elijah.Sakamoto\faaaaaah\ICE3\ice\src\full_adder.vhd:]
WARNING: [filemgmt 56-199] Attempt to get parsing info during refresh. "On-the-fly" syntax checking information may be incorrect. [C:\Users\C28Elijah.Sakamoto\faaaaaah\ICE3\ice\src\top_basys3.vhd:]
WARNING: [filemgmt 56-199] Attempt to get parsing info during refresh. "On-the-fly" syntax checking information may be incorrect. [C:\Users\C28Elijah.Sakamoto\faaaaaah\ICE3\ice\src\ripple_adder_tb.vhd:]
WARNING: [filemgmt 56-199] Attempt to get parsing info during refresh. "On-the-fly" syntax checking information may be incorrect. [C:\Users\C28Elijah.Sakamoto\faaaaaah\ICE3\ice\src\ripple_adder.vhd:]
WARNING: [filemgmt 56-199] Attempt to get parsing info during refresh. "On-the-fly" syntax checking information may be incorrect. [C:\Users\C28Elijah.Sakamoto\faaaaaah\ICE3\ice\src\ripple_adder.vhd:]
WARNING: [filemgmt 56-199] Attempt to get parsing info during refresh. "On-the-fly" syntax checking information may be incorrect. [C:\Users\C28Elijah.Sakamoto\faaaaaah\ICE3\ice\src\ripple_adder.vhd:]
WARNING: [filemgmt 56-199] Attempt to get parsing info during refresh. "On-the-fly" syntax checking information may be incorrect. [C:\Users\C28Elijah.Sakamoto\faaaaaah\ICE3\ice\src\full_adder.vhd:]
WARNING: [filemgmt 56-199] Attempt to get parsing info during refresh. "On-the-fly" syntax checking information may be incorrect. [C:\Users\C28Elijah.Sakamoto\faaaaaah\ICE3\ice\src\top_basys3.vhd:]
WARNING: [filemgmt 56-199] Attempt to get parsing info during refresh. "On-the-fly" syntax checking information may be incorrect. [C:\Users\C28Elijah.Sakamoto\faaaaaah\ICE3\ice\src\ripple_adder_tb.vhd:]
WARNING: [filemgmt 56-199] Attempt to get parsing info during refresh. "On-the-fly" syntax checking information may be incorrect. [C:\Users\C28Elijah.Sakamoto\faaaaaah\ICE3\ice\src\ripple_adder.vhd:]
WARNING: [filemgmt 56-199] Attempt to get parsing info during refresh. "On-the-fly" syntax checking information may be incorrect. [C:\Users\C28Elijah.Sakamoto\faaaaaah\ICE3\ice\src\ripple_adder.vhd:]
WARNING: [filemgmt 56-199] Attempt to get parsing info during refresh. "On-the-fly" syntax checking information may be incorrect. [C:\Users\C28Elijah.Sakamoto\faaaaaah\ICE3\ice\src\ripple_adder.vhd:]
WARNING: [filemgmt 56-199] Attempt to get parsing info during refresh. "On-the-fly" syntax checking information may be incorrect. [C:\Users\C28Elijah.Sakamoto\faaaaaah\ICE3\ice\src\full_adder.vhd:]
WARNING: [filemgmt 56-199] Attempt to get parsing info during refresh. "On-the-fly" syntax checking information may be incorrect. [C:\Users\C28Elijah.Sakamoto\faaaaaah\ICE3\ice\src\top_basys3.vhd:]
WARNING: [filemgmt 56-199] Attempt to get parsing info during refresh. "On-the-fly" syntax checking information may be incorrect. [C:\Users\C28Elijah.Sakamoto\faaaaaah\ICE3\ice\src\ripple_adder_tb.vhd:]
WARNING: [filemgmt 56-199] Attempt to get parsing info during refresh. "On-the-fly" syntax checking information may be incorrect. [C:\Users\C28Elijah.Sakamoto\faaaaaah\ICE3\ice\src\ripple_adder.vhd:]
WARNING: [filemgmt 56-199] Attempt to get parsing info during refresh. "On-the-fly" syntax checking information may be incorrect. [C:\Users\C28Elijah.Sakamoto\faaaaaah\ICE3\ice\src\ripple_adder_tb.vhd:]
WARNING: [filemgmt 56-199] Attempt to get parsing info during refresh. "On-the-fly" syntax checking information may be incorrect. [C:\Users\C28Elijah.Sakamoto\faaaaaah\ICE3\ice\src\ripple_adder_tb.vhd:]
ERROR: [Common 17-180] Spawn failed: No error
WARNING: [filemgmt 56-199] Attempt to get parsing info during refresh. "On-the-fly" syntax checking information may be incorrect. [C:\Users\C28Elijah.Sakamoto\faaaaaah\ICE3\ice\src\full_adder.vhd:]
WARNING: [filemgmt 56-199] Attempt to get parsing info during refresh. "On-the-fly" syntax checking information may be incorrect. [C:\Users\C28Elijah.Sakamoto\faaaaaah\ICE3\ice\src\top_basys3.vhd:]
WARNING: [filemgmt 56-199] Attempt to get parsing info during refresh. "On-the-fly" syntax checking information may be incorrect. [C:\Users\C28Elijah.Sakamoto\faaaaaah\ICE3\ice\src\ripple_adder_tb.vhd:]
WARNING: [filemgmt 56-199] Attempt to get parsing info during refresh. "On-the-fly" syntax checking information may be incorrect. [C:\Users\C28Elijah.Sakamoto\faaaaaah\ICE3\ice\src\ripple_adder.vhd:]
WARNING: [filemgmt 56-199] Attempt to get parsing info during refresh. "On-the-fly" syntax checking information may be incorrect. [C:\Users\C28Elijah.Sakamoto\faaaaaah\ICE3\ice\src\full_adder.vhd:]
WARNING: [filemgmt 56-199] Attempt to get parsing info during refresh. "On-the-fly" syntax checking information may be incorrect. [C:\Users\C28Elijah.Sakamoto\faaaaaah\ICE3\ice\src\full_adder.vhd:]
ERROR: [Common 17-180] Spawn failed: No error
WARNING: [filemgmt 56-199] Attempt to get parsing info during refresh. "On-the-fly" syntax checking information may be incorrect. [C:\Users\C28Elijah.Sakamoto\faaaaaah\ICE3\ice\src\full_adder.vhd:]
WARNING: [filemgmt 56-199] Attempt to get parsing info during refresh. "On-the-fly" syntax checking information may be incorrect. [C:\Users\C28Elijah.Sakamoto\faaaaaah\ICE3\ice\src\top_basys3.vhd:]
WARNING: [filemgmt 56-199] Attempt to get parsing info during refresh. "On-the-fly" syntax checking information may be incorrect. [C:\Users\C28Elijah.Sakamoto\faaaaaah\ICE3\ice\src\ripple_adder_tb.vhd:]
WARNING: [filemgmt 56-199] Attempt to get parsing info during refresh. "On-the-fly" syntax checking information may be incorrect. [C:\Users\C28Elijah.Sakamoto\faaaaaah\ICE3\ice\src\ripple_adder.vhd:]
WARNING: [filemgmt 56-199] Attempt to get parsing info during refresh. "On-the-fly" syntax checking information may be incorrect. [C:\Users\C28Elijah.Sakamoto\faaaaaah\ICE3\ice\src\ripple_adder.vhd:]
WARNING: [filemgmt 56-199] Attempt to get parsing info during refresh. "On-the-fly" syntax checking information may be incorrect. [C:\Users\C28Elijah.Sakamoto\faaaaaah\ICE3\ice\src\ripple_adder.vhd:]
WARNING: [filemgmt 56-199] Attempt to get parsing info during refresh. "On-the-fly" syntax checking information may be incorrect. [C:\Users\C28Elijah.Sakamoto\faaaaaah\ICE3\ice\src\full_adder.vhd:]
WARNING: [filemgmt 56-199] Attempt to get parsing info during refresh. "On-the-fly" syntax checking information may be incorrect. [C:\Users\C28Elijah.Sakamoto\faaaaaah\ICE3\ice\src\top_basys3.vhd:]
WARNING: [filemgmt 56-199] Attempt to get parsing info during refresh. "On-the-fly" syntax checking information may be incorrect. [C:\Users\C28Elijah.Sakamoto\faaaaaah\ICE3\ice\src\ripple_adder_tb.vhd:]
WARNING: [filemgmt 56-199] Attempt to get parsing info during refresh. "On-the-fly" syntax checking information may be incorrect. [C:\Users\C28Elijah.Sakamoto\faaaaaah\ICE3\ice\src\ripple_adder.vhd:]
WARNING: [filemgmt 56-199] Attempt to get parsing info during refresh. "On-the-fly" syntax checking information may be incorrect. [C:\Users\C28Elijah.Sakamoto\faaaaaah\ICE3\ice\src\top_basys3.vhd:]
WARNING: [filemgmt 56-199] Attempt to get parsing info during refresh. "On-the-fly" syntax checking information may be incorrect. [C:\Users\C28Elijah.Sakamoto\faaaaaah\ICE3\ice\src\top_basys3.vhd:]
ERROR: [Common 17-180] Spawn failed: No error
ERROR: [Common 17-180] Spawn failed: No error
WARNING: [filemgmt 56-199] Attempt to get parsing info during refresh. "On-the-fly" syntax checking information may be incorrect. [C:\Users\C28Elijah.Sakamoto\faaaaaah\ICE3\ice\src\full_adder.vhd:]
launch_simulation
Command: launch_simulation 
INFO: [Vivado 12-12493] Simulation top is 'ripple_adder_tb'
WARNING: [Vivado 12-13340] Unable to auto find GCC executables from simulator install path! (path not set)
INFO: [Vivado 12-5682] Launching behavioral simulation in 'C:/Users/C28Elijah.Sakamoto/faaaaaah/ICE3/ice/ripple_adder.sim/sim_1/behav/xsim'
INFO: [SIM-utils-51] Simulation object is 'sim_1'
INFO: [SIM-utils-72] Using boost library from 'C:/Xilinx/Vivado/2024.2/tps/boost_1_72_0'
INFO: [SIM-utils-54] Inspecting design source files for 'ripple_adder_tb' in fileset 'sim_1'...
INFO: [USF-XSim-97] Finding global include files...
INFO: [USF-XSim-98] Fetching design files from 'sim_1'...
INFO: [USF-XSim-2] XSim::Compile design
INFO: [USF-XSim-61] Executing 'COMPILE and ANALYZE' step in 'C:/Users/C28Elijah.Sakamoto/faaaaaah/ICE3/ice/ripple_adder.sim/sim_1/behav/xsim'
"xvhdl --incr --relax -prj ripple_adder_tb_vhdl.prj"
INFO: [VRFC 10-163] Analyzing VHDL file "C:/Users/C28Elijah.Sakamoto/faaaaaah/ICE3/ice/src/full_adder.vhd" into library xil_defaultlib
INFO: [VRFC 10-3107] analyzing entity 'full_adder'
INFO: [VRFC 10-163] Analyzing VHDL file "C:/Users/C28Elijah.Sakamoto/faaaaaah/ICE3/ice/src/ripple_adder.vhd" into library xil_defaultlib
INFO: [VRFC 10-3107] analyzing entity 'ripple_adder'
ERROR: [VRFC 10-2989] 'full_adder' is not declared [C:/Users/C28Elijah.Sakamoto/faaaaaah/ICE3/ice/src/ripple_adder.vhd:26]
ERROR: [VRFC 10-2989] 'full_adder' is not declared [C:/Users/C28Elijah.Sakamoto/faaaaaah/ICE3/ice/src/ripple_adder.vhd:35]
ERROR: [VRFC 10-2989] 'full_adder' is not declared [C:/Users/C28Elijah.Sakamoto/faaaaaah/ICE3/ice/src/ripple_adder.vhd:44]
ERROR: [VRFC 10-2989] 'full_adder' is not declared [C:/Users/C28Elijah.Sakamoto/faaaaaah/ICE3/ice/src/ripple_adder.vhd:53]
ERROR: [VRFC 10-9458] unit 'behavioral' is ignored due to previous errors [C:/Users/C28Elijah.Sakamoto/faaaaaah/ICE3/ice/src/ripple_adder.vhd:16]
INFO: [VRFC 10-8704] VHDL file 'C:/Users/C28Elijah.Sakamoto/faaaaaah/ICE3/ice/src/ripple_adder.vhd' is ignored due to errors
INFO: [USF-XSim-69] 'compile' step finished in '4' seconds
INFO: [USF-XSim-99] Step results log file:'C:/Users/C28Elijah.Sakamoto/faaaaaah/ICE3/ice/ripple_adder.sim/sim_1/behav/xsim/xvhdl.log'
ERROR: [USF-XSim-62] 'compile' step failed with error(s). Please check the Tcl console output or 'C:/Users/C28Elijah.Sakamoto/faaaaaah/ICE3/ice/ripple_adder.sim/sim_1/behav/xsim/xvhdl.log' file for more information.
ERROR: [Vivado 12-4473] Detected error while running simulation. Please correct the issue and retry this operation.
launch_simulation: Time (s): cpu = 00:00:00 ; elapsed = 00:00:06 . Memory (MB): peak = 1145.801 ; gain = 0.000
ERROR: [Common 17-39] 'launch_simulation' failed due to earlier errors.
WARNING: [filemgmt 56-199] Attempt to get parsing info during refresh. "On-the-fly" syntax checking information may be incorrect. [C:\Users\C28Elijah.Sakamoto\faaaaaah\ICE3\ice\src\full_adder.vhd:]
WARNING: [filemgmt 56-199] Attempt to get parsing info during refresh. "On-the-fly" syntax checking information may be incorrect. [C:\Users\C28Elijah.Sakamoto\faaaaaah\ICE3\ice\src\top_basys3.vhd:]
WARNING: [filemgmt 56-199] Attempt to get parsing info during refresh. "On-the-fly" syntax checking information may be incorrect. [C:\Users\C28Elijah.Sakamoto\faaaaaah\ICE3\ice\src\ripple_adder_tb.vhd:]
WARNING: [filemgmt 56-199] Attempt to get parsing info during refresh. "On-the-fly" syntax checking information may be incorrect. [C:\Users\C28Elijah.Sakamoto\faaaaaah\ICE3\ice\src\ripple_adder.vhd:]
WARNING: [filemgmt 56-199] Attempt to get parsing info during refresh. "On-the-fly" syntax checking information may be incorrect. [C:\Users\C28Elijah.Sakamoto\faaaaaah\ICE3\ice\src\ripple_adder.vhd:]
WARNING: [filemgmt 56-199] Attempt to get parsing info during refresh. "On-the-fly" syntax checking information may be incorrect. [C:\Users\C28Elijah.Sakamoto\faaaaaah\ICE3\ice\src\ripple_adder.vhd:]
WARNING: [filemgmt 56-199] Attempt to get parsing info during refresh. "On-the-fly" syntax checking information may be incorrect. [C:\Users\C28Elijah.Sakamoto\faaaaaah\ICE3\ice\src\full_adder.vhd:]
WARNING: [filemgmt 56-199] Attempt to get parsing info during refresh. "On-the-fly" syntax checking information may be incorrect. [C:\Users\C28Elijah.Sakamoto\faaaaaah\ICE3\ice\src\top_basys3.vhd:]
WARNING: [filemgmt 56-199] Attempt to get parsing info during refresh. "On-the-fly" syntax checking information may be incorrect. [C:\Users\C28Elijah.Sakamoto\faaaaaah\ICE3\ice\src\ripple_adder_tb.vhd:]
WARNING: [filemgmt 56-199] Attempt to get parsing info during refresh. "On-the-fly" syntax checking information may be incorrect. [C:\Users\C28Elijah.Sakamoto\faaaaaah\ICE3\ice\src\ripple_adder.vhd:]
WARNING: [filemgmt 56-199] Attempt to get parsing info during refresh. "On-the-fly" syntax checking information may be incorrect. [C:\Users\C28Elijah.Sakamoto\faaaaaah\ICE3\ice\src\ripple_adder_tb.vhd:]
WARNING: [filemgmt 56-199] Attempt to get parsing info during refresh. "On-the-fly" syntax checking information may be incorrect. [C:\Users\C28Elijah.Sakamoto\faaaaaah\ICE3\ice\src\ripple_adder_tb.vhd:]
update_compile_order -fileset sources_1
ERROR: [Common 17-180] Spawn failed: No error
WARNING: [filemgmt 56-199] Attempt to get parsing info during refresh. "On-the-fly" syntax checking information may be incorrect. [C:\Users\C28Elijah.Sakamoto\faaaaaah\ICE3\ice\src\full_adder.vhd:]
WARNING: [filemgmt 56-199] Attempt to get parsing info during refresh. "On-the-fly" syntax checking information may be incorrect. [C:\Users\C28Elijah.Sakamoto\faaaaaah\ICE3\ice\src\top_basys3.vhd:]
WARNING: [filemgmt 56-199] Attempt to get parsing info during refresh. "On-the-fly" syntax checking information may be incorrect. [C:\Users\C28Elijah.Sakamoto\faaaaaah\ICE3\ice\src\ripple_adder_tb.vhd:]
WARNING: [filemgmt 56-199] Attempt to get parsing info during refresh. "On-the-fly" syntax checking information may be incorrect. [C:\Users\C28Elijah.Sakamoto\faaaaaah\ICE3\ice\src\ripple_adder.vhd:]
WARNING: [filemgmt 56-199] Attempt to get parsing info during refresh. "On-the-fly" syntax checking information may be incorrect. [C:\Users\C28Elijah.Sakamoto\faaaaaah\ICE3\ice\src\full_adder.vhd:]
WARNING: [filemgmt 56-199] Attempt to get parsing info during refresh. "On-the-fly" syntax checking information may be incorrect. [C:\Users\C28Elijah.Sakamoto\faaaaaah\ICE3\ice\src\full_adder.vhd:]
ERROR: [Common 17-180] Spawn failed: No error
WARNING: [filemgmt 56-199] Attempt to get parsing info during refresh. "On-the-fly" syntax checking information may be incorrect. [C:\Users\C28Elijah.Sakamoto\faaaaaah\ICE3\ice\src\full_adder.vhd:]
WARNING: [filemgmt 56-199] Attempt to get parsing info during refresh. "On-the-fly" syntax checking information may be incorrect. [C:\Users\C28Elijah.Sakamoto\faaaaaah\ICE3\ice\src\top_basys3.vhd:]
WARNING: [filemgmt 56-199] Attempt to get parsing info during refresh. "On-the-fly" syntax checking information may be incorrect. [C:\Users\C28Elijah.Sakamoto\faaaaaah\ICE3\ice\src\ripple_adder_tb.vhd:]
WARNING: [filemgmt 56-199] Attempt to get parsing info during refresh. "On-the-fly" syntax checking information may be incorrect. [C:\Users\C28Elijah.Sakamoto\faaaaaah\ICE3\ice\src\ripple_adder.vhd:]
WARNING: [filemgmt 56-199] Attempt to get parsing info during refresh. "On-the-fly" syntax checking information may be incorrect. [C:\Users\C28Elijah.Sakamoto\faaaaaah\ICE3\ice\src\ripple_adder.vhd:]
WARNING: [filemgmt 56-199] Attempt to get parsing info during refresh. "On-the-fly" syntax checking information may be incorrect. [C:\Users\C28Elijah.Sakamoto\faaaaaah\ICE3\ice\src\ripple_adder.vhd:]
WARNING: [filemgmt 56-199] Attempt to get parsing info during refresh. "On-the-fly" syntax checking information may be incorrect. [C:\Users\C28Elijah.Sakamoto\faaaaaah\ICE3\ice\src\full_adder.vhd:]
WARNING: [filemgmt 56-199] Attempt to get parsing info during refresh. "On-the-fly" syntax checking information may be incorrect. [C:\Users\C28Elijah.Sakamoto\faaaaaah\ICE3\ice\src\top_basys3.vhd:]
WARNING: [filemgmt 56-199] Attempt to get parsing info during refresh. "On-the-fly" syntax checking information may be incorrect. [C:\Users\C28Elijah.Sakamoto\faaaaaah\ICE3\ice\src\ripple_adder_tb.vhd:]
WARNING: [filemgmt 56-199] Attempt to get parsing info during refresh. "On-the-fly" syntax checking information may be incorrect. [C:\Users\C28Elijah.Sakamoto\faaaaaah\ICE3\ice\src\ripple_adder.vhd:]
WARNING: [filemgmt 56-199] Attempt to get parsing info during refresh. "On-the-fly" syntax checking information may be incorrect. [C:\Users\C28Elijah.Sakamoto\faaaaaah\ICE3\ice\src\top_basys3.vhd:]
WARNING: [filemgmt 56-199] Attempt to get parsing info during refresh. "On-the-fly" syntax checking information may be incorrect. [C:\Users\C28Elijah.Sakamoto\faaaaaah\ICE3\ice\src\top_basys3.vhd:]
ERROR: [Common 17-180] Spawn failed: No error
WARNING: [filemgmt 56-199] Attempt to get parsing info during refresh. "On-the-fly" syntax checking information may be incorrect. [C:\Users\C28Elijah.Sakamoto\faaaaaah\ICE3\ice\src\full_adder.vhd:]
WARNING: [filemgmt 56-199] Attempt to get parsing info during refresh. "On-the-fly" syntax checking information may be incorrect. [C:\Users\C28Elijah.Sakamoto\faaaaaah\ICE3\ice\src\top_basys3.vhd:]
WARNING: [filemgmt 56-199] Attempt to get parsing info during refresh. "On-the-fly" syntax checking information may be incorrect. [C:\Users\C28Elijah.Sakamoto\faaaaaah\ICE3\ice\src\ripple_adder_tb.vhd:]
WARNING: [filemgmt 56-199] Attempt to get parsing info during refresh. "On-the-fly" syntax checking information may be incorrect. [C:\Users\C28Elijah.Sakamoto\faaaaaah\ICE3\ice\src\ripple_adder.vhd:]
WARNING: [filemgmt 56-199] Attempt to get parsing info during refresh. "On-the-fly" syntax checking information may be incorrect. [C:\Users\C28Elijah.Sakamoto\faaaaaah\ICE3\ice\src\full_adder.vhd:]
WARNING: [filemgmt 56-199] Attempt to get parsing info during refresh. "On-the-fly" syntax checking information may be incorrect. [C:\Users\C28Elijah.Sakamoto\faaaaaah\ICE3\ice\src\full_adder.vhd:]
ERROR: [Common 17-180] Spawn failed: No error
WARNING: [filemgmt 56-199] Attempt to get parsing info during refresh. "On-the-fly" syntax checking information may be incorrect. [C:\Users\C28Elijah.Sakamoto\faaaaaah\ICE3\ice\src\full_adder.vhd:]
WARNING: [filemgmt 56-199] Attempt to get parsing info during refresh. "On-the-fly" syntax checking information may be incorrect. [C:\Users\C28Elijah.Sakamoto\faaaaaah\ICE3\ice\src\top_basys3.vhd:]
WARNING: [filemgmt 56-199] Attempt to get parsing info during refresh. "On-the-fly" syntax checking information may be incorrect. [C:\Users\C28Elijah.Sakamoto\faaaaaah\ICE3\ice\src\ripple_adder_tb.vhd:]
WARNING: [filemgmt 56-199] Attempt to get parsing info during refresh. "On-the-fly" syntax checking information may be incorrect. [C:\Users\C28Elijah.Sakamoto\faaaaaah\ICE3\ice\src\ripple_adder.vhd:]
WARNING: [filemgmt 56-199] Attempt to get parsing info during refresh. "On-the-fly" syntax checking information may be incorrect. [C:\Users\C28Elijah.Sakamoto\faaaaaah\ICE3\ice\src\ripple_adder.vhd:]
WARNING: [filemgmt 56-199] Attempt to get parsing info during refresh. "On-the-fly" syntax checking information may be incorrect. [C:\Users\C28Elijah.Sakamoto\faaaaaah\ICE3\ice\src\ripple_adder.vhd:]
WARNING: [filemgmt 56-199] Attempt to get parsing info during refresh. "On-the-fly" syntax checking information may be incorrect. [C:\Users\C28Elijah.Sakamoto\faaaaaah\ICE3\ice\src\full_adder.vhd:]
WARNING: [filemgmt 56-199] Attempt to get parsing info during refresh. "On-the-fly" syntax checking information may be incorrect. [C:\Users\C28Elijah.Sakamoto\faaaaaah\ICE3\ice\src\top_basys3.vhd:]
WARNING: [filemgmt 56-199] Attempt to get parsing info during refresh. "On-the-fly" syntax checking information may be incorrect. [C:\Users\C28Elijah.Sakamoto\faaaaaah\ICE3\ice\src\ripple_adder_tb.vhd:]
WARNING: [filemgmt 56-199] Attempt to get parsing info during refresh. "On-the-fly" syntax checking information may be incorrect. [C:\Users\C28Elijah.Sakamoto\faaaaaah\ICE3\ice\src\ripple_adder.vhd:]
WARNING: [filemgmt 56-199] Attempt to get parsing info during refresh. "On-the-fly" syntax checking information may be incorrect. [C:\Users\C28Elijah.Sakamoto\faaaaaah\ICE3\ice\src\top_basys3.vhd:]
WARNING: [filemgmt 56-199] Attempt to get parsing info during refresh. "On-the-fly" syntax checking information may be incorrect. [C:\Users\C28Elijah.Sakamoto\faaaaaah\ICE3\ice\src\top_basys3.vhd:]
WARNING: [filemgmt 56-199] Attempt to get parsing info during refresh. "On-the-fly" syntax checking information may be incorrect. [C:\Users\C28Elijah.Sakamoto\faaaaaah\ICE3\ice\src\full_adder.vhd:]
WARNING: [filemgmt 56-199] Attempt to get parsing info during refresh. "On-the-fly" syntax checking information may be incorrect. [C:\Users\C28Elijah.Sakamoto\faaaaaah\ICE3\ice\src\top_basys3.vhd:]
WARNING: [filemgmt 56-199] Attempt to get parsing info during refresh. "On-the-fly" syntax checking information may be incorrect. [C:\Users\C28Elijah.Sakamoto\faaaaaah\ICE3\ice\src\ripple_adder_tb.vhd:]
WARNING: [filemgmt 56-199] Attempt to get parsing info during refresh. "On-the-fly" syntax checking information may be incorrect. [C:\Users\C28Elijah.Sakamoto\faaaaaah\ICE3\ice\src\ripple_adder.vhd:]
WARNING: [filemgmt 56-199] Attempt to get parsing info during refresh. "On-the-fly" syntax checking information may be incorrect. [C:\Users\C28Elijah.Sakamoto\faaaaaah\ICE3\ice\src\ripple_adder_tb.vhd:]
WARNING: [filemgmt 56-199] Attempt to get parsing info during refresh. "On-the-fly" syntax checking information may be incorrect. [C:\Users\C28Elijah.Sakamoto\faaaaaah\ICE3\ice\src\ripple_adder_tb.vhd:]
WARNING: [filemgmt 56-199] Attempt to get parsing info during refresh. "On-the-fly" syntax checking information may be incorrect. [C:\Users\C28Elijah.Sakamoto\faaaaaah\ICE3\ice\src\full_adder.vhd:]
WARNING: [filemgmt 56-199] Attempt to get parsing info during refresh. "On-the-fly" syntax checking information may be incorrect. [C:\Users\C28Elijah.Sakamoto\faaaaaah\ICE3\ice\src\top_basys3.vhd:]
WARNING: [filemgmt 56-199] Attempt to get parsing info during refresh. "On-the-fly" syntax checking information may be incorrect. [C:\Users\C28Elijah.Sakamoto\faaaaaah\ICE3\ice\src\ripple_adder_tb.vhd:]
WARNING: [filemgmt 56-199] Attempt to get parsing info during refresh. "On-the-fly" syntax checking information may be incorrect. [C:\Users\C28Elijah.Sakamoto\faaaaaah\ICE3\ice\src\ripple_adder.vhd:]
WARNING: [filemgmt 56-199] Attempt to get parsing info during refresh. "On-the-fly" syntax checking information may be incorrect. [C:\Users\C28Elijah.Sakamoto\faaaaaah\ICE3\ice\src\full_adder.vhd:]
WARNING: [filemgmt 56-199] Attempt to get parsing info during refresh. "On-the-fly" syntax checking information may be incorrect. [C:\Users\C28Elijah.Sakamoto\faaaaaah\ICE3\ice\src\full_adder.vhd:]
WARNING: [filemgmt 56-199] Attempt to get parsing info during refresh. "On-the-fly" syntax checking information may be incorrect. [C:\Users\C28Elijah.Sakamoto\faaaaaah\ICE3\ice\src\full_adder.vhd:]
WARNING: [filemgmt 56-199] Attempt to get parsing info during refresh. "On-the-fly" syntax checking information may be incorrect. [C:\Users\C28Elijah.Sakamoto\faaaaaah\ICE3\ice\src\top_basys3.vhd:]
WARNING: [filemgmt 56-199] Attempt to get parsing info during refresh. "On-the-fly" syntax checking information may be incorrect. [C:\Users\C28Elijah.Sakamoto\faaaaaah\ICE3\ice\src\ripple_adder_tb.vhd:]
WARNING: [filemgmt 56-199] Attempt to get parsing info during refresh. "On-the-fly" syntax checking information may be incorrect. [C:\Users\C28Elijah.Sakamoto\faaaaaah\ICE3\ice\src\ripple_adder.vhd:]
WARNING: [filemgmt 56-199] Attempt to get parsing info during refresh. "On-the-fly" syntax checking information may be incorrect. [C:\Users\C28Elijah.Sakamoto\faaaaaah\ICE3\ice\src\ripple_adder.vhd:]
WARNING: [filemgmt 56-199] Attempt to get parsing info during refresh. "On-the-fly" syntax checking information may be incorrect. [C:\Users\C28Elijah.Sakamoto\faaaaaah\ICE3\ice\src\ripple_adder.vhd:]
ERROR: [Common 17-180] Spawn failed: No error
WARNING: [filemgmt 56-199] Attempt to get parsing info during refresh. "On-the-fly" syntax checking information may be incorrect. [C:\Users\C28Elijah.Sakamoto\faaaaaah\ICE3\ice\src\full_adder.vhd:]
WARNING: [filemgmt 56-199] Attempt to get parsing info during refresh. "On-the-fly" syntax checking information may be incorrect. [C:\Users\C28Elijah.Sakamoto\faaaaaah\ICE3\ice\src\top_basys3.vhd:]
WARNING: [filemgmt 56-199] Attempt to get parsing info during refresh. "On-the-fly" syntax checking information may be incorrect. [C:\Users\C28Elijah.Sakamoto\faaaaaah\ICE3\ice\src\ripple_adder_tb.vhd:]
WARNING: [filemgmt 56-199] Attempt to get parsing info during refresh. "On-the-fly" syntax checking information may be incorrect. [C:\Users\C28Elijah.Sakamoto\faaaaaah\ICE3\ice\src\ripple_adder.vhd:]
WARNING: [filemgmt 56-199] Attempt to get parsing info during refresh. "On-the-fly" syntax checking information may be incorrect. [C:\Users\C28Elijah.Sakamoto\faaaaaah\ICE3\ice\src\ripple_adder.vhd:]
WARNING: [filemgmt 56-199] Attempt to get parsing info during refresh. "On-the-fly" syntax checking information may be incorrect. [C:\Users\C28Elijah.Sakamoto\faaaaaah\ICE3\ice\src\ripple_adder.vhd:]
WARNING: [filemgmt 56-199] Attempt to get parsing info during refresh. "On-the-fly" syntax checking information may be incorrect. [C:\Users\C28Elijah.Sakamoto\faaaaaah\ICE3\ice\src\full_adder.vhd:]
WARNING: [filemgmt 56-199] Attempt to get parsing info during refresh. "On-the-fly" syntax checking information may be incorrect. [C:\Users\C28Elijah.Sakamoto\faaaaaah\ICE3\ice\src\top_basys3.vhd:]
WARNING: [filemgmt 56-199] Attempt to get parsing info during refresh. "On-the-fly" syntax checking information may be incorrect. [C:\Users\C28Elijah.Sakamoto\faaaaaah\ICE3\ice\src\ripple_adder_tb.vhd:]
WARNING: [filemgmt 56-199] Attempt to get parsing info during refresh. "On-the-fly" syntax checking information may be incorrect. [C:\Users\C28Elijah.Sakamoto\faaaaaah\ICE3\ice\src\ripple_adder.vhd:]
WARNING: [filemgmt 56-199] Attempt to get parsing info during refresh. "On-the-fly" syntax checking information may be incorrect. [C:\Users\C28Elijah.Sakamoto\faaaaaah\ICE3\ice\src\top_basys3.vhd:]
WARNING: [filemgmt 56-199] Attempt to get parsing info during refresh. "On-the-fly" syntax checking information may be incorrect. [C:\Users\C28Elijah.Sakamoto\faaaaaah\ICE3\ice\src\top_basys3.vhd:]
ERROR: [Common 17-180] Spawn failed: No error
WARNING: [filemgmt 56-199] Attempt to get parsing info during refresh. "On-the-fly" syntax checking information may be incorrect. [C:\Users\C28Elijah.Sakamoto\faaaaaah\ICE3\ice\src\full_adder.vhd:]
WARNING: [filemgmt 56-199] Attempt to get parsing info during refresh. "On-the-fly" syntax checking information may be incorrect. [C:\Users\C28Elijah.Sakamoto\faaaaaah\ICE3\ice\src\top_basys3.vhd:]
WARNING: [filemgmt 56-199] Attempt to get parsing info during refresh. "On-the-fly" syntax checking information may be incorrect. [C:\Users\C28Elijah.Sakamoto\faaaaaah\ICE3\ice\src\ripple_adder_tb.vhd:]
WARNING: [filemgmt 56-199] Attempt to get parsing info during refresh. "On-the-fly" syntax checking information may be incorrect. [C:\Users\C28Elijah.Sakamoto\faaaaaah\ICE3\ice\src\ripple_adder.vhd:]
WARNING: [filemgmt 56-199] Attempt to get parsing info during refresh. "On-the-fly" syntax checking information may be incorrect. [C:\Users\C28Elijah.Sakamoto\faaaaaah\ICE3\ice\src\full_adder.vhd:]
WARNING: [filemgmt 56-199] Attempt to get parsing info during refresh. "On-the-fly" syntax checking information may be incorrect. [C:\Users\C28Elijah.Sakamoto\faaaaaah\ICE3\ice\src\full_adder.vhd:]
ERROR: [Common 17-180] Spawn failed: No error
WARNING: [filemgmt 56-199] Attempt to get parsing info during refresh. "On-the-fly" syntax checking information may be incorrect. [C:\Users\C28Elijah.Sakamoto\faaaaaah\ICE3\ice\src\full_adder.vhd:]
WARNING: [filemgmt 56-199] Attempt to get parsing info during refresh. "On-the-fly" syntax checking information may be incorrect. [C:\Users\C28Elijah.Sakamoto\faaaaaah\ICE3\ice\src\top_basys3.vhd:]
WARNING: [filemgmt 56-199] Attempt to get parsing info during refresh. "On-the-fly" syntax checking information may be incorrect. [C:\Users\C28Elijah.Sakamoto\faaaaaah\ICE3\ice\src\ripple_adder_tb.vhd:]
WARNING: [filemgmt 56-199] Attempt to get parsing info during refresh. "On-the-fly" syntax checking information may be incorrect. [C:\Users\C28Elijah.Sakamoto\faaaaaah\ICE3\ice\src\ripple_adder.vhd:]
WARNING: [filemgmt 56-199] Attempt to get parsing info during refresh. "On-the-fly" syntax checking information may be incorrect. [C:\Users\C28Elijah.Sakamoto\faaaaaah\ICE3\ice\src\ripple_adder.vhd:]
WARNING: [filemgmt 56-199] Attempt to get parsing info during refresh. "On-the-fly" syntax checking information may be incorrect. [C:\Users\C28Elijah.Sakamoto\faaaaaah\ICE3\ice\src\ripple_adder.vhd:]
WARNING: [filemgmt 56-199] Attempt to get parsing info during refresh. "On-the-fly" syntax checking information may be incorrect. [C:\Users\C28Elijah.Sakamoto\faaaaaah\ICE3\ice\src\full_adder.vhd:]
WARNING: [filemgmt 56-199] Attempt to get parsing info during refresh. "On-the-fly" syntax checking information may be incorrect. [C:\Users\C28Elijah.Sakamoto\faaaaaah\ICE3\ice\src\top_basys3.vhd:]
WARNING: [filemgmt 56-199] Attempt to get parsing info during refresh. "On-the-fly" syntax checking information may be incorrect. [C:\Users\C28Elijah.Sakamoto\faaaaaah\ICE3\ice\src\ripple_adder_tb.vhd:]
WARNING: [filemgmt 56-199] Attempt to get parsing info during refresh. "On-the-fly" syntax checking information may be incorrect. [C:\Users\C28Elijah.Sakamoto\faaaaaah\ICE3\ice\src\ripple_adder.vhd:]
WARNING: [filemgmt 56-199] Attempt to get parsing info during refresh. "On-the-fly" syntax checking information may be incorrect. [C:\Users\C28Elijah.Sakamoto\faaaaaah\ICE3\ice\src\top_basys3.vhd:]
WARNING: [filemgmt 56-199] Attempt to get parsing info during refresh. "On-the-fly" syntax checking information may be incorrect. [C:\Users\C28Elijah.Sakamoto\faaaaaah\ICE3\ice\src\top_basys3.vhd:]
WARNING: [filemgmt 56-199] Attempt to get parsing info during refresh. "On-the-fly" syntax checking information may be incorrect. [C:\Users\C28Elijah.Sakamoto\faaaaaah\ICE3\ice\src\full_adder.vhd:]
WARNING: [filemgmt 56-199] Attempt to get parsing info during refresh. "On-the-fly" syntax checking information may be incorrect. [C:\Users\C28Elijah.Sakamoto\faaaaaah\ICE3\ice\src\top_basys3.vhd:]
WARNING: [filemgmt 56-199] Attempt to get parsing info during refresh. "On-the-fly" syntax checking information may be incorrect. [C:\Users\C28Elijah.Sakamoto\faaaaaah\ICE3\ice\src\ripple_adder_tb.vhd:]
WARNING: [filemgmt 56-199] Attempt to get parsing info during refresh. "On-the-fly" syntax checking information may be incorrect. [C:\Users\C28Elijah.Sakamoto\faaaaaah\ICE3\ice\src\ripple_adder.vhd:]
WARNING: [filemgmt 56-199] Attempt to get parsing info during refresh. "On-the-fly" syntax checking information may be incorrect. [C:\Users\C28Elijah.Sakamoto\faaaaaah\ICE3\ice\src\full_adder.vhd:]
WARNING: [filemgmt 56-199] Attempt to get parsing info during refresh. "On-the-fly" syntax checking information may be incorrect. [C:\Users\C28Elijah.Sakamoto\faaaaaah\ICE3\ice\src\full_adder.vhd:]
WARNING: [filemgmt 56-199] Attempt to get parsing info during refresh. "On-the-fly" syntax checking information may be incorrect. [C:\Users\C28Elijah.Sakamoto\faaaaaah\ICE3\ice\src\full_adder.vhd:]
WARNING: [filemgmt 56-199] Attempt to get parsing info during refresh. "On-the-fly" syntax checking information may be incorrect. [C:\Users\C28Elijah.Sakamoto\faaaaaah\ICE3\ice\src\top_basys3.vhd:]
WARNING: [filemgmt 56-199] Attempt to get parsing info during refresh. "On-the-fly" syntax checking information may be incorrect. [C:\Users\C28Elijah.Sakamoto\faaaaaah\ICE3\ice\src\ripple_adder_tb.vhd:]
WARNING: [filemgmt 56-199] Attempt to get parsing info during refresh. "On-the-fly" syntax checking information may be incorrect. [C:\Users\C28Elijah.Sakamoto\faaaaaah\ICE3\ice\src\ripple_adder.vhd:]
WARNING: [filemgmt 56-199] Attempt to get parsing info during refresh. "On-the-fly" syntax checking information may be incorrect. [C:\Users\C28Elijah.Sakamoto\faaaaaah\ICE3\ice\src\ripple_adder_tb.vhd:]
WARNING: [filemgmt 56-199] Attempt to get parsing info during refresh. "On-the-fly" syntax checking information may be incorrect. [C:\Users\C28Elijah.Sakamoto\faaaaaah\ICE3\ice\src\ripple_adder_tb.vhd:]
WARNING: [filemgmt 56-199] Attempt to get parsing info during refresh. "On-the-fly" syntax checking information may be incorrect. [C:\Users\C28Elijah.Sakamoto\faaaaaah\ICE3\ice\src\full_adder.vhd:]
WARNING: [filemgmt 56-199] Attempt to get parsing info during refresh. "On-the-fly" syntax checking information may be incorrect. [C:\Users\C28Elijah.Sakamoto\faaaaaah\ICE3\ice\src\top_basys3.vhd:]
WARNING: [filemgmt 56-199] Attempt to get parsing info during refresh. "On-the-fly" syntax checking information may be incorrect. [C:\Users\C28Elijah.Sakamoto\faaaaaah\ICE3\ice\src\ripple_adder_tb.vhd:]
WARNING: [filemgmt 56-199] Attempt to get parsing info during refresh. "On-the-fly" syntax checking information may be incorrect. [C:\Users\C28Elijah.Sakamoto\faaaaaah\ICE3\ice\src\ripple_adder.vhd:]
WARNING: [filemgmt 56-199] Attempt to get parsing info during refresh. "On-the-fly" syntax checking information may be incorrect. [C:\Users\C28Elijah.Sakamoto\faaaaaah\ICE3\ice\src\ripple_adder.vhd:]
WARNING: [filemgmt 56-199] Attempt to get parsing info during refresh. "On-the-fly" syntax checking information may be incorrect. [C:\Users\C28Elijah.Sakamoto\faaaaaah\ICE3\ice\src\ripple_adder.vhd:]
WARNING: [filemgmt 56-199] Attempt to get parsing info during refresh. "On-the-fly" syntax checking information may be incorrect. [C:\Users\C28Elijah.Sakamoto\faaaaaah\ICE3\ice\src\full_adder.vhd:]
WARNING: [filemgmt 56-199] Attempt to get parsing info during refresh. "On-the-fly" syntax checking information may be incorrect. [C:\Users\C28Elijah.Sakamoto\faaaaaah\ICE3\ice\src\top_basys3.vhd:]
WARNING: [filemgmt 56-199] Attempt to get parsing info during refresh. "On-the-fly" syntax checking information may be incorrect. [C:\Users\C28Elijah.Sakamoto\faaaaaah\ICE3\ice\src\ripple_adder_tb.vhd:]
WARNING: [filemgmt 56-199] Attempt to get parsing info during refresh. "On-the-fly" syntax checking information may be incorrect. [C:\Users\C28Elijah.Sakamoto\faaaaaah\ICE3\ice\src\ripple_adder.vhd:]
WARNING: [filemgmt 56-199] Attempt to get parsing info during refresh. "On-the-fly" syntax checking information may be incorrect. [C:\Users\C28Elijah.Sakamoto\faaaaaah\ICE3\ice\src\full_adder.vhd:]
WARNING: [filemgmt 56-199] Attempt to get parsing info during refresh. "On-the-fly" syntax checking information may be incorrect. [C:\Users\C28Elijah.Sakamoto\faaaaaah\ICE3\ice\src\full_adder.vhd:]
WARNING: [filemgmt 56-199] Attempt to get parsing info during refresh. "On-the-fly" syntax checking information may be incorrect. [C:\Users\C28Elijah.Sakamoto\faaaaaah\ICE3\ice\src\full_adder.vhd:]
WARNING: [filemgmt 56-199] Attempt to get parsing info during refresh. "On-the-fly" syntax checking information may be incorrect. [C:\Users\C28Elijah.Sakamoto\faaaaaah\ICE3\ice\src\top_basys3.vhd:]
WARNING: [filemgmt 56-199] Attempt to get parsing info during refresh. "On-the-fly" syntax checking information may be incorrect. [C:\Users\C28Elijah.Sakamoto\faaaaaah\ICE3\ice\src\ripple_adder_tb.vhd:]
WARNING: [filemgmt 56-199] Attempt to get parsing info during refresh. "On-the-fly" syntax checking information may be incorrect. [C:\Users\C28Elijah.Sakamoto\faaaaaah\ICE3\ice\src\ripple_adder.vhd:]
WARNING: [filemgmt 56-199] Attempt to get parsing info during refresh. "On-the-fly" syntax checking information may be incorrect. [C:\Users\C28Elijah.Sakamoto\faaaaaah\ICE3\ice\src\ripple_adder_tb.vhd:]
WARNING: [filemgmt 56-199] Attempt to get parsing info during refresh. "On-the-fly" syntax checking information may be incorrect. [C:\Users\C28Elijah.Sakamoto\faaaaaah\ICE3\ice\src\ripple_adder_tb.vhd:]
WARNING: [filemgmt 56-199] Attempt to get parsing info during refresh. "On-the-fly" syntax checking information may be incorrect. [C:\Users\C28Elijah.Sakamoto\faaaaaah\ICE3\ice\src\full_adder.vhd:]
WARNING: [filemgmt 56-199] Attempt to get parsing info during refresh. "On-the-fly" syntax checking information may be incorrect. [C:\Users\C28Elijah.Sakamoto\faaaaaah\ICE3\ice\src\top_basys3.vhd:]
WARNING: [filemgmt 56-199] Attempt to get parsing info during refresh. "On-the-fly" syntax checking information may be incorrect. [C:\Users\C28Elijah.Sakamoto\faaaaaah\ICE3\ice\src\ripple_adder_tb.vhd:]
WARNING: [filemgmt 56-199] Attempt to get parsing info during refresh. "On-the-fly" syntax checking information may be incorrect. [C:\Users\C28Elijah.Sakamoto\faaaaaah\ICE3\ice\src\ripple_adder.vhd:]
WARNING: [filemgmt 56-199] Attempt to get parsing info during refresh. "On-the-fly" syntax checking information may be incorrect. [C:\Users\C28Elijah.Sakamoto\faaaaaah\ICE3\ice\src\ripple_adder.vhd:]
WARNING: [filemgmt 56-199] Attempt to get parsing info during refresh. "On-the-fly" syntax checking information may be incorrect. [C:\Users\C28Elijah.Sakamoto\faaaaaah\ICE3\ice\src\ripple_adder.vhd:]
WARNING: [filemgmt 56-199] Attempt to get parsing info during refresh. "On-the-fly" syntax checking information may be incorrect. [C:\Users\C28Elijah.Sakamoto\faaaaaah\ICE3\ice\src\full_adder.vhd:]
WARNING: [filemgmt 56-199] Attempt to get parsing info during refresh. "On-the-fly" syntax checking information may be incorrect. [C:\Users\C28Elijah.Sakamoto\faaaaaah\ICE3\ice\src\top_basys3.vhd:]
WARNING: [filemgmt 56-199] Attempt to get parsing info during refresh. "On-the-fly" syntax checking information may be incorrect. [C:\Users\C28Elijah.Sakamoto\faaaaaah\ICE3\ice\src\ripple_adder_tb.vhd:]
WARNING: [filemgmt 56-199] Attempt to get parsing info during refresh. "On-the-fly" syntax checking information may be incorrect. [C:\Users\C28Elijah.Sakamoto\faaaaaah\ICE3\ice\src\ripple_adder.vhd:]
WARNING: [filemgmt 56-199] Attempt to get parsing info during refresh. "On-the-fly" syntax checking information may be incorrect. [C:\Users\C28Elijah.Sakamoto\faaaaaah\ICE3\ice\src\top_basys3.vhd:]
WARNING: [filemgmt 56-199] Attempt to get parsing info during refresh. "On-the-fly" syntax checking information may be incorrect. [C:\Users\C28Elijah.Sakamoto\faaaaaah\ICE3\ice\src\top_basys3.vhd:]
WARNING: [filemgmt 56-199] Attempt to get parsing info during refresh. "On-the-fly" syntax checking information may be incorrect. [C:\Users\C28Elijah.Sakamoto\faaaaaah\ICE3\ice\src\full_adder.vhd:]
WARNING: [filemgmt 56-199] Attempt to get parsing info during refresh. "On-the-fly" syntax checking information may be incorrect. [C:\Users\C28Elijah.Sakamoto\faaaaaah\ICE3\ice\src\top_basys3.vhd:]
WARNING: [filemgmt 56-199] Attempt to get parsing info during refresh. "On-the-fly" syntax checking information may be incorrect. [C:\Users\C28Elijah.Sakamoto\faaaaaah\ICE3\ice\src\ripple_adder_tb.vhd:]
WARNING: [filemgmt 56-199] Attempt to get parsing info during refresh. "On-the-fly" syntax checking information may be incorrect. [C:\Users\C28Elijah.Sakamoto\faaaaaah\ICE3\ice\src\ripple_adder.vhd:]
WARNING: [filemgmt 56-199] Attempt to get parsing info during refresh. "On-the-fly" syntax checking information may be incorrect. [C:\Users\C28Elijah.Sakamoto\faaaaaah\ICE3\ice\src\ripple_adder.vhd:]
WARNING: [filemgmt 56-199] Attempt to get parsing info during refresh. "On-the-fly" syntax checking information may be incorrect. [C:\Users\C28Elijah.Sakamoto\faaaaaah\ICE3\ice\src\ripple_adder.vhd:]
WARNING: [filemgmt 56-199] Attempt to get parsing info during refresh. "On-the-fly" syntax checking information may be incorrect. [C:\Users\C28Elijah.Sakamoto\faaaaaah\ICE3\ice\src\full_adder.vhd:]
WARNING: [filemgmt 56-199] Attempt to get parsing info during refresh. "On-the-fly" syntax checking information may be incorrect. [C:\Users\C28Elijah.Sakamoto\faaaaaah\ICE3\ice\src\top_basys3.vhd:]
WARNING: [filemgmt 56-199] Attempt to get parsing info during refresh. "On-the-fly" syntax checking information may be incorrect. [C:\Users\C28Elijah.Sakamoto\faaaaaah\ICE3\ice\src\ripple_adder_tb.vhd:]
WARNING: [filemgmt 56-199] Attempt to get parsing info during refresh. "On-the-fly" syntax checking information may be incorrect. [C:\Users\C28Elijah.Sakamoto\faaaaaah\ICE3\ice\src\ripple_adder.vhd:]
WARNING: [filemgmt 56-199] Attempt to get parsing info during refresh. "On-the-fly" syntax checking information may be incorrect. [C:\Users\C28Elijah.Sakamoto\faaaaaah\ICE3\ice\src\ripple_adder.vhd:]
WARNING: [filemgmt 56-199] Attempt to get parsing info during refresh. "On-the-fly" syntax checking information may be incorrect. [C:\Users\C28Elijah.Sakamoto\faaaaaah\ICE3\ice\src\ripple_adder.vhd:]
WARNING: [filemgmt 56-199] Attempt to get parsing info during refresh. "On-the-fly" syntax checking information may be incorrect. [C:\Users\C28Elijah.Sakamoto\faaaaaah\ICE3\ice\src\full_adder.vhd:]
WARNING: [filemgmt 56-199] Attempt to get parsing info during refresh. "On-the-fly" syntax checking information may be incorrect. [C:\Users\C28Elijah.Sakamoto\faaaaaah\ICE3\ice\src\top_basys3.vhd:]
WARNING: [filemgmt 56-199] Attempt to get parsing info during refresh. "On-the-fly" syntax checking information may be incorrect. [C:\Users\C28Elijah.Sakamoto\faaaaaah\ICE3\ice\src\ripple_adder_tb.vhd:]
WARNING: [filemgmt 56-199] Attempt to get parsing info during refresh. "On-the-fly" syntax checking information may be incorrect. [C:\Users\C28Elijah.Sakamoto\faaaaaah\ICE3\ice\src\ripple_adder.vhd:]
WARNING: [filemgmt 56-199] Attempt to get parsing info during refresh. "On-the-fly" syntax checking information may be incorrect. [C:\Users\C28Elijah.Sakamoto\faaaaaah\ICE3\ice\src\ripple_adder.vhd:]
WARNING: [filemgmt 56-199] Attempt to get parsing info during refresh. "On-the-fly" syntax checking information may be incorrect. [C:\Users\C28Elijah.Sakamoto\faaaaaah\ICE3\ice\src\ripple_adder.vhd:]
ERROR: [Common 17-180] Spawn failed: No error
WARNING: [filemgmt 56-199] Attempt to get parsing info during refresh. "On-the-fly" syntax checking information may be incorrect. [C:\Users\C28Elijah.Sakamoto\faaaaaah\ICE3\ice\src\full_adder.vhd:]
WARNING: [filemgmt 56-199] Attempt to get parsing info during refresh. "On-the-fly" syntax checking information may be incorrect. [C:\Users\C28Elijah.Sakamoto\faaaaaah\ICE3\ice\src\top_basys3.vhd:]
WARNING: [filemgmt 56-199] Attempt to get parsing info during refresh. "On-the-fly" syntax checking information may be incorrect. [C:\Users\C28Elijah.Sakamoto\faaaaaah\ICE3\ice\src\ripple_adder_tb.vhd:]
WARNING: [filemgmt 56-199] Attempt to get parsing info during refresh. "On-the-fly" syntax checking information may be incorrect. [C:\Users\C28Elijah.Sakamoto\faaaaaah\ICE3\ice\src\ripple_adder.vhd:]
WARNING: [filemgmt 56-199] Attempt to get parsing info during refresh. "On-the-fly" syntax checking information may be incorrect. [C:\Users\C28Elijah.Sakamoto\faaaaaah\ICE3\ice\src\ripple_adder.vhd:]
WARNING: [filemgmt 56-199] Attempt to get parsing info during refresh. "On-the-fly" syntax checking information may be incorrect. [C:\Users\C28Elijah.Sakamoto\faaaaaah\ICE3\ice\src\ripple_adder.vhd:]
WARNING: [filemgmt 56-199] Attempt to get parsing info during refresh. "On-the-fly" syntax checking information may be incorrect. [C:\Users\C28Elijah.Sakamoto\faaaaaah\ICE3\ice\src\full_adder.vhd:]
WARNING: [filemgmt 56-199] Attempt to get parsing info during refresh. "On-the-fly" syntax checking information may be incorrect. [C:\Users\C28Elijah.Sakamoto\faaaaaah\ICE3\ice\src\top_basys3.vhd:]
WARNING: [filemgmt 56-199] Attempt to get parsing info during refresh. "On-the-fly" syntax checking information may be incorrect. [C:\Users\C28Elijah.Sakamoto\faaaaaah\ICE3\ice\src\ripple_adder_tb.vhd:]
WARNING: [filemgmt 56-199] Attempt to get parsing info during refresh. "On-the-fly" syntax checking information may be incorrect. [C:\Users\C28Elijah.Sakamoto\faaaaaah\ICE3\ice\src\ripple_adder.vhd:]
WARNING: [filemgmt 56-199] Attempt to get parsing info during refresh. "On-the-fly" syntax checking information may be incorrect. [C:\Users\C28Elijah.Sakamoto\faaaaaah\ICE3\ice\src\top_basys3.vhd:]
WARNING: [filemgmt 56-199] Attempt to get parsing info during refresh. "On-the-fly" syntax checking information may be incorrect. [C:\Users\C28Elijah.Sakamoto\faaaaaah\ICE3\ice\src\top_basys3.vhd:]
ERROR: [Common 17-180] Spawn failed: No error
WARNING: [filemgmt 56-199] Attempt to get parsing info during refresh. "On-the-fly" syntax checking information may be incorrect. [C:\Users\C28Elijah.Sakamoto\faaaaaah\ICE3\ice\src\full_adder.vhd:]
WARNING: [filemgmt 56-199] Attempt to get parsing info during refresh. "On-the-fly" syntax checking information may be incorrect. [C:\Users\C28Elijah.Sakamoto\faaaaaah\ICE3\ice\src\top_basys3.vhd:]
WARNING: [filemgmt 56-199] Attempt to get parsing info during refresh. "On-the-fly" syntax checking information may be incorrect. [C:\Users\C28Elijah.Sakamoto\faaaaaah\ICE3\ice\src\ripple_adder_tb.vhd:]
WARNING: [filemgmt 56-199] Attempt to get parsing info during refresh. "On-the-fly" syntax checking information may be incorrect. [C:\Users\C28Elijah.Sakamoto\faaaaaah\ICE3\ice\src\ripple_adder.vhd:]
WARNING: [filemgmt 56-199] Attempt to get parsing info during refresh. "On-the-fly" syntax checking information may be incorrect. [C:\Users\C28Elijah.Sakamoto\faaaaaah\ICE3\ice\src\full_adder.vhd:]
WARNING: [filemgmt 56-199] Attempt to get parsing info during refresh. "On-the-fly" syntax checking information may be incorrect. [C:\Users\C28Elijah.Sakamoto\faaaaaah\ICE3\ice\src\full_adder.vhd:]
ERROR: [Common 17-180] Spawn failed: No error
launch_simulation
Command: launch_simulation 
INFO: [Vivado 12-12493] Simulation top is 'ripple_adder_tb'
WARNING: [Vivado 12-13340] Unable to auto find GCC executables from simulator install path! (path not set)
INFO: [Vivado 12-5682] Launching behavioral simulation in 'C:/Users/C28Elijah.Sakamoto/faaaaaah/ICE3/ice/ripple_adder.sim/sim_1/behav/xsim'
INFO: [SIM-utils-51] Simulation object is 'sim_1'
INFO: [SIM-utils-72] Using boost library from 'C:/Xilinx/Vivado/2024.2/tps/boost_1_72_0'
INFO: [SIM-utils-54] Inspecting design source files for 'ripple_adder_tb' in fileset 'sim_1'...
INFO: [USF-XSim-97] Finding global include files...
INFO: [USF-XSim-98] Fetching design files from 'sim_1'...
INFO: [USF-XSim-2] XSim::Compile design
INFO: [USF-XSim-61] Executing 'COMPILE and ANALYZE' step in 'C:/Users/C28Elijah.Sakamoto/faaaaaah/ICE3/ice/ripple_adder.sim/sim_1/behav/xsim'
"xvhdl --incr --relax -prj ripple_adder_tb_vhdl.prj"
INFO: [VRFC 10-163] Analyzing VHDL file "C:/Users/C28Elijah.Sakamoto/faaaaaah/ICE3/ice/src/full_adder.vhd" into library xil_defaultlib
INFO: [VRFC 10-3107] analyzing entity 'full_adder'
INFO: [VRFC 10-163] Analyzing VHDL file "C:/Users/C28Elijah.Sakamoto/faaaaaah/ICE3/ice/src/ripple_adder.vhd" into library xil_defaultlib
INFO: [VRFC 10-3107] analyzing entity 'ripple_adder'
INFO: [VRFC 10-163] Analyzing VHDL file "C:/Users/C28Elijah.Sakamoto/faaaaaah/ICE3/ice/src/ripple_adder_tb.vhd" into library xil_defaultlib
INFO: [VRFC 10-3107] analyzing entity 'ripple_adder_tb'
run_program: Time (s): cpu = 00:00:00 ; elapsed = 00:00:06 . Memory (MB): peak = 1155.406 ; gain = 0.000
INFO: [USF-XSim-69] 'compile' step finished in '6' seconds
INFO: [USF-XSim-3] XSim::Elaborate design
INFO: [USF-XSim-61] Executing 'ELABORATE' step in 'C:/Users/C28Elijah.Sakamoto/faaaaaah/ICE3/ice/ripple_adder.sim/sim_1/behav/xsim'
"xelab --incr --debug typical --relax --mt 2 -L xil_defaultlib -L secureip --snapshot ripple_adder_tb_behav xil_defaultlib.ripple_adder_tb -log elaborate.log"
Vivado Simulator v2024.2.0
Copyright 1986-2022 Xilinx, Inc. All Rights Reserved.
Copyright 2022-2024 Advanced Micro Devices, Inc. All Rights Reserved.
Running: C:/Xilinx/Vivado/2024.2/bin/unwrapped/win64.o/xelab.exe --incr --debug typical --relax --mt 2 -L xil_defaultlib -L secureip --snapshot ripple_adder_tb_behav xil_defaultlib.ripple_adder_tb -log elaborate.log 
Using 2 slave threads.
Starting static elaboration
Completed static elaboration
Starting simulation data flow analysis
Completed simulation data flow analysis
Time Resolution for simulation is 1ps
Compiling package std.standard
Compiling package std.textio
Compiling package ieee.std_logic_1164
Compiling package ieee.numeric_std
Compiling architecture behavioral of entity xil_defaultlib.full_adder [full_adder_default]
Compiling architecture behavioral of entity xil_defaultlib.ripple_adder [ripple_adder_default]
Compiling architecture test_bench of entity xil_defaultlib.ripple_adder_tb
Built simulation snapshot ripple_adder_tb_behav
run_program: Time (s): cpu = 00:00:00 ; elapsed = 00:00:10 . Memory (MB): peak = 1155.406 ; gain = 0.000
INFO: [USF-XSim-69] 'elaborate' step finished in '11' seconds
INFO: [USF-XSim-4] XSim::Simulate design
INFO: [USF-XSim-61] Executing 'SIMULATE' step in 'C:/Users/C28Elijah.Sakamoto/faaaaaah/ICE3/ice/ripple_adder.sim/sim_1/behav/xsim'
INFO: [USF-XSim-98] *** Running xsim
   with args "ripple_adder_tb_behav -key {Behavioral:sim_1:Functional:ripple_adder_tb} -tclbatch {ripple_adder_tb.tcl} -log {simulate.log}"
INFO: [USF-XSim-8] Loading simulator feature
Time resolution is 1 ps
source ripple_adder_tb.tcl
# set curr_wave [current_wave_config]
# if { [string length $curr_wave] == 0 } {
#   if { [llength [get_objects]] > 0} {
#     add_wave /
#     set_property needs_save false [current_wave_config]
#   } else {
#      send_msg_id Add_Wave-1 WARNING "No top level signals found. Simulator will start without a wave window. If you want to open a wave window go to 'File->New Waveform Configuration' or type 'create_wave_config' in the TCL console."
#   }
# }
# run 80ns
Failure: bad with zeros
Time: 10 ns  Iteration: 0  Process: /ripple_adder_tb/test_process  File: C:/Users/C28Elijah.Sakamoto/faaaaaah/ICE3/ice/src/ripple_adder_tb.vhd
$finish called at time : 10 ns : File "C:/Users/C28Elijah.Sakamoto/faaaaaah/ICE3/ice/src/ripple_adder_tb.vhd" Line 47
xsim: Time (s): cpu = 00:00:01 ; elapsed = 00:00:06 . Memory (MB): peak = 1167.418 ; gain = 11.348
INFO: [USF-XSim-96] XSim completed. Design snapshot 'ripple_adder_tb_behav' loaded.
INFO: [USF-XSim-97] XSim simulation ran for 80ns
launch_simulation: Time (s): cpu = 00:00:01 ; elapsed = 00:00:23 . Memory (MB): peak = 1167.418 ; gain = 12.012
add_bp {C:/Users/C28Elijah.Sakamoto/faaaaaah/ICE3/ice/src/ripple_adder_tb.vhd} 46
close_sim
INFO: [Simtcl 6-16] Simulation closed
launch_simulation
Command: launch_simulation 
INFO: [Vivado 12-12493] Simulation top is 'ripple_adder_tb'
WARNING: [Vivado 12-13340] Unable to auto find GCC executables from simulator install path! (path not set)
INFO: [Vivado 12-5682] Launching behavioral simulation in 'C:/Users/C28Elijah.Sakamoto/faaaaaah/ICE3/ice/ripple_adder.sim/sim_1/behav/xsim'
INFO: [SIM-utils-51] Simulation object is 'sim_1'
INFO: [SIM-utils-72] Using boost library from 'C:/Xilinx/Vivado/2024.2/tps/boost_1_72_0'
INFO: [SIM-utils-54] Inspecting design source files for 'ripple_adder_tb' in fileset 'sim_1'...
INFO: [USF-XSim-97] Finding global include files...
INFO: [USF-XSim-98] Fetching design files from 'sim_1'...
INFO: [USF-XSim-2] XSim::Compile design
INFO: [USF-XSim-61] Executing 'COMPILE and ANALYZE' step in 'C:/Users/C28Elijah.Sakamoto/faaaaaah/ICE3/ice/ripple_adder.sim/sim_1/behav/xsim'
"xvhdl --incr --relax -prj ripple_adder_tb_vhdl.prj"
run_program: Time (s): cpu = 00:00:01 ; elapsed = 00:00:06 . Memory (MB): peak = 1167.418 ; gain = 0.000
INFO: [USF-XSim-69] 'compile' step finished in '6' seconds
INFO: [USF-XSim-3] XSim::Elaborate design
INFO: [USF-XSim-61] Executing 'ELABORATE' step in 'C:/Users/C28Elijah.Sakamoto/faaaaaah/ICE3/ice/ripple_adder.sim/sim_1/behav/xsim'
"xelab --incr --debug typical --relax --mt 2 -L xil_defaultlib -L secureip --snapshot ripple_adder_tb_behav xil_defaultlib.ripple_adder_tb -log elaborate.log"
Vivado Simulator v2024.2.0
Copyright 1986-2022 Xilinx, Inc. All Rights Reserved.
Copyright 2022-2024 Advanced Micro Devices, Inc. All Rights Reserved.
Running: C:/Xilinx/Vivado/2024.2/bin/unwrapped/win64.o/xelab.exe --incr --debug typical --relax --mt 2 -L xil_defaultlib -L secureip --snapshot ripple_adder_tb_behav xil_defaultlib.ripple_adder_tb -log elaborate.log 
Using 2 slave threads.
Starting static elaboration
Completed static elaboration
INFO: [XSIM 43-4323] No Change in HDL. Linking previously generated obj files to create kernel
run_program: Time (s): cpu = 00:00:00 ; elapsed = 00:00:07 . Memory (MB): peak = 1167.418 ; gain = 0.000
INFO: [USF-XSim-69] 'elaborate' step finished in '7' seconds
INFO: [USF-XSim-4] XSim::Simulate design
INFO: [USF-XSim-61] Executing 'SIMULATE' step in 'C:/Users/C28Elijah.Sakamoto/faaaaaah/ICE3/ice/ripple_adder.sim/sim_1/behav/xsim'
INFO: [USF-XSim-98] *** Running xsim
   with args "ripple_adder_tb_behav -key {Behavioral:sim_1:Functional:ripple_adder_tb} -tclbatch {ripple_adder_tb.tcl} -log {simulate.log}"
INFO: [USF-XSim-8] Loading simulator feature
Time resolution is 1 ps
source ripple_adder_tb.tcl
# set curr_wave [current_wave_config]
# if { [string length $curr_wave] == 0 } {
#   if { [llength [get_objects]] > 0} {
#     add_wave /
#     set_property needs_save false [current_wave_config]
#   } else {
#      send_msg_id Add_Wave-1 WARNING "No top level signals found. Simulator will start without a wave window. If you want to open a wave window go to 'File->New Waveform Configuration' or type 'create_wave_config' in the TCL console."
#   }
# }
# run 80ns
Stopped at time : 0 fs : File "C:/Users/C28Elijah.Sakamoto/faaaaaah/ICE3/ice/src/ripple_adder_tb.vhd" Line 46
INFO: [USF-XSim-96] XSim completed. Design snapshot 'ripple_adder_tb_behav' loaded.
INFO: [USF-XSim-97] XSim simulation ran for 80ns
launch_simulation: Time (s): cpu = 00:00:02 ; elapsed = 00:00:19 . Memory (MB): peak = 1170.828 ; gain = 3.410
WARNING: [filemgmt 56-199] Attempt to get parsing info during refresh. "On-the-fly" syntax checking information may be incorrect. [C:\Users\C28Elijah.Sakamoto\faaaaaah\ICE3\ice\src\full_adder.vhd:]
WARNING: [filemgmt 56-199] Attempt to get parsing info during refresh. "On-the-fly" syntax checking information may be incorrect. [C:\Users\C28Elijah.Sakamoto\faaaaaah\ICE3\ice\src\top_basys3.vhd:]
WARNING: [filemgmt 56-199] Attempt to get parsing info during refresh. "On-the-fly" syntax checking information may be incorrect. [C:\Users\C28Elijah.Sakamoto\faaaaaah\ICE3\ice\src\ripple_adder_tb.vhd:]
WARNING: [filemgmt 56-199] Attempt to get parsing info during refresh. "On-the-fly" syntax checking information may be incorrect. [C:\Users\C28Elijah.Sakamoto\faaaaaah\ICE3\ice\src\ripple_adder.vhd:]
WARNING: [filemgmt 56-199] Attempt to get parsing info during refresh. "On-the-fly" syntax checking information may be incorrect. [C:\Users\C28Elijah.Sakamoto\faaaaaah\ICE3\ice\src\ripple_adder.vhd:]
WARNING: [filemgmt 56-199] Attempt to get parsing info during refresh. "On-the-fly" syntax checking information may be incorrect. [C:\Users\C28Elijah.Sakamoto\faaaaaah\ICE3\ice\src\ripple_adder.vhd:]
WARNING: [filemgmt 56-199] Attempt to get parsing info during refresh. "On-the-fly" syntax checking information may be incorrect. [C:\Users\C28Elijah.Sakamoto\faaaaaah\ICE3\ice\src\full_adder.vhd:]
WARNING: [filemgmt 56-199] Attempt to get parsing info during refresh. "On-the-fly" syntax checking information may be incorrect. [C:\Users\C28Elijah.Sakamoto\faaaaaah\ICE3\ice\src\top_basys3.vhd:]
WARNING: [filemgmt 56-199] Attempt to get parsing info during refresh. "On-the-fly" syntax checking information may be incorrect. [C:\Users\C28Elijah.Sakamoto\faaaaaah\ICE3\ice\src\ripple_adder_tb.vhd:]
WARNING: [filemgmt 56-199] Attempt to get parsing info during refresh. "On-the-fly" syntax checking information may be incorrect. [C:\Users\C28Elijah.Sakamoto\faaaaaah\ICE3\ice\src\ripple_adder.vhd:]
WARNING: [filemgmt 56-199] Attempt to get parsing info during refresh. "On-the-fly" syntax checking information may be incorrect. [C:\Users\C28Elijah.Sakamoto\faaaaaah\ICE3\ice\src\ripple_adder_tb.vhd:]
WARNING: [filemgmt 56-199] Attempt to get parsing info during refresh. "On-the-fly" syntax checking information may be incorrect. [C:\Users\C28Elijah.Sakamoto\faaaaaah\ICE3\ice\src\ripple_adder_tb.vhd:]
ERROR: [Common 17-180] Spawn failed: No error
WARNING: [filemgmt 56-199] Attempt to get parsing info during refresh. "On-the-fly" syntax checking information may be incorrect. [C:\Users\C28Elijah.Sakamoto\faaaaaah\ICE3\ice\src\full_adder.vhd:]
WARNING: [filemgmt 56-199] Attempt to get parsing info during refresh. "On-the-fly" syntax checking information may be incorrect. [C:\Users\C28Elijah.Sakamoto\faaaaaah\ICE3\ice\src\top_basys3.vhd:]
WARNING: [filemgmt 56-199] Attempt to get parsing info during refresh. "On-the-fly" syntax checking information may be incorrect. [C:\Users\C28Elijah.Sakamoto\faaaaaah\ICE3\ice\src\ripple_adder_tb.vhd:]
ERROR: [Common 17-180] Spawn failed: No error
WARNING: [filemgmt 56-199] Attempt to get parsing info during refresh. "On-the-fly" syntax checking information may be incorrect. [C:\Users\C28Elijah.Sakamoto\faaaaaah\ICE3\ice\src\ripple_adder.vhd:]
WARNING: [filemgmt 56-199] Attempt to get parsing info during refresh. "On-the-fly" syntax checking information may be incorrect. [C:\Users\C28Elijah.Sakamoto\faaaaaah\ICE3\ice\src\full_adder.vhd:]
WARNING: [filemgmt 56-199] Attempt to get parsing info during refresh. "On-the-fly" syntax checking information may be incorrect. [C:\Users\C28Elijah.Sakamoto\faaaaaah\ICE3\ice\src\full_adder.vhd:]
close_sim
INFO: [Simtcl 6-16] Simulation closed
exit
INFO: [Common 17-206] Exiting Vivado at Wed Feb 11 19:44:25 2026...
